2026-06-18 00:03:09.744 [http-nio-8080-exec-2] INFO  o.a.c.c.C.[Tomcat].[localhost].[/] - Initializing Spring DispatcherServlet 'dispatcherServlet'
2026-06-18 00:03:09.811 [http-nio-8080-exec-2] INFO  o.s.web.servlet.DispatcherServlet - Initializing Servlet 'dispatcherServlet'
2026-06-18 00:03:09.948 [http-nio-8080-exec-2] INFO  o.s.web.servlet.DispatcherServlet - Completed initialization in 135 ms
2026-06-18 00:03:11.136 [http-nio-8080-exec-4] INFO  c.a.l.c.a.AdminPricingRuleController - GET /api/admin/pricing/rules
2026-06-18 00:03:11.183 [http-nio-8080-exec-5] INFO  c.a.l.c.catalog.ProductController - GET /api/products - page: 0, filter: ProductFilterRequest(modelType=null, search=, page=0, size=12)
2026-06-18 00:03:11.279 [http-nio-8080-exec-4] INFO  c.a.l.s.pricing.PricingRuleService - Fetching pricing rules, activeOnly: false
2026-06-18 00:03:11.278 [http-nio-8080-exec-5] INFO  c.a.l.s.c.ProductCatalogService - Fetching product catalog - page: 0, currency: USD
2026-06-18 00:03:12.511 [http-nio-8080-exec-6] INFO  c.a.l.c.a.AdminPricingRuleController - GET /api/admin/pricing/rules
2026-06-18 00:03:12.536 [http-nio-8080-exec-6] INFO  c.a.l.s.pricing.PricingRuleService - Fetching pricing rules, activeOnly: false
2026-06-18 00:03:15.683 [http-nio-8080-exec-5] INFO  c.a.l.cache.PriceCacheRepository - Price cached: price:product:5:grade:2:AZN
2026-06-18 00:03:15.930 [http-nio-8080-exec-5] INFO  c.a.l.cache.PriceCacheRepository - Price cached: price:product:1:grade:1:AZN
2026-06-18 00:03:16.249 [http-nio-8080-exec-5] INFO  c.a.l.c.ProductCatalogCacheRepository - Initial page cached for USD: 3 products
2026-06-18 00:03:18.941 [http-nio-8080-exec-1] INFO  c.a.l.c.catalog.ProductController - GET /api/products/3 - Product detail requested
2026-06-18 00:03:18.963 [http-nio-8080-exec-3] INFO  c.a.l.c.catalog.ProductController - GET /api/products/3/available-leathers
2026-06-18 00:03:20.657 [http-nio-8080-exec-2] INFO  c.a.l.c.catalog.ProductController - GET /api/products - page: 0, filter: ProductFilterRequest(modelType=null, search=, page=0, size=12)
2026-06-18 00:03:21.146 [http-nio-8080-exec-2] INFO  c.a.l.s.c.ProductCatalogService - Fetching product catalog - page: 0, currency: USD
2026-06-18 00:03:21.146 [http-nio-8080-exec-3] INFO  c.a.l.s.c.ProductCatalogService - Fetching available leathers for product: 3
2026-06-18 00:03:21.984 [http-nio-8080-exec-2] INFO  c.a.l.c.ProductCatalogCacheRepository - Initial page cache hit for USD
2026-06-18 00:03:23.450 [http-nio-8080-exec-6] INFO  c.a.l.c.order.CartController - POST /api/cart/preview - 2 items, currency: USD
2026-06-18 00:03:23.520 [http-nio-8080-exec-6] INFO  c.a.l.s.Order.CartPreviewService - Cart preview requested with 2 items, currency: USD
2026-06-18 00:03:23.813 [http-nio-8080-exec-3] WARN  c.a.l.s.c.ProductCatalogService - No leathers found for product: 3. Skipping cache to prevent empty cache pollution.
2026-06-18 00:03:23.893 [http-nio-8080-exec-5] INFO  c.a.l.c.catalog.ProductController - GET /api/products/3/available-leathers
2026-06-18 00:03:23.894 [http-nio-8080-exec-5] INFO  c.a.l.s.c.ProductCatalogService - Fetching available leathers for product: 3
2026-06-18 00:03:24.084 [http-nio-8080-exec-5] WARN  c.a.l.s.c.ProductCatalogService - No leathers found for product: 3. Skipping cache to prevent empty cache pollution.
2026-06-18 00:03:24.295 [http-nio-8080-exec-1] INFO  c.a.l.c.ProductCatalogCacheRepository - Product detail cached with key: product:detail:3:USD
2026-06-18 00:03:25.942 [http-nio-8080-exec-10] INFO  c.a.l.c.catalog.ProductController - GET /api/products/3 - Product detail requested
2026-06-18 00:03:26.099 [http-nio-8080-exec-10] INFO  c.a.l.c.ProductCatalogCacheRepository - Product detail cache hit: product:detail:3:USD
2026-06-18 00:03:26.100 [http-nio-8080-exec-10] INFO  c.a.l.s.c.ProductCatalogService - Cache hit: Returning product 3 for USD
2026-06-18 00:03:26.285 [http-nio-8080-exec-6] INFO  c.a.l.cache.PriceCacheRepository - Price cached: price:product:1:grade:1:AZN
2026-06-18 00:03:26.415 [http-nio-8080-exec-6] INFO  c.a.l.cache.PriceCacheRepository - Price cached: price:product:1:grade:3:AZN
2026-06-18 00:03:26.468 [http-nio-8080-exec-6] INFO  c.a.l.cache.PriceCacheRepository - Price cached: price:product:1:grade:3:USD
2026-06-18 00:03:26.541 [http-nio-8080-exec-6] INFO  c.a.l.cache.PriceCacheRepository - Price cached: price:product:1:grade:3:EUR
2026-06-18 00:03:35.533 [http-nio-8080-exec-9] INFO  c.a.l.c.order.CartController - POST /api/cart/preview - 2 items, currency: USD
2026-06-18 00:03:35.694 [http-nio-8080-exec-9] INFO  c.a.l.s.Order.CartPreviewService - Cart preview requested with 2 items, currency: USD
2026-06-18 00:03:37.832 [http-nio-8080-exec-9] INFO  c.a.l.cache.PriceCacheRepository - Price cached: price:product:1:grade:1:AZN
2026-06-18 00:03:37.851 [http-nio-8080-exec-9] INFO  c.a.l.cache.PriceCacheRepository - Price cache hit: price:product:1:grade:3:USD
2026-06-18 00:03:41.601 [http-nio-8080-exec-4] INFO  c.a.l.c.order.OrderController - GET /api/orders/me - User: 3, page: 0
2026-06-18 00:03:42.766 [http-nio-8080-exec-2] INFO  c.a.l.c.order.OrderController - GET /api/orders/me - User: 3, page: 0
2026-06-18 00:03:48.831 [http-nio-8080-exec-3] INFO  c.a.l.c.order.CartController - POST /api/cart/preview - 2 items, currency: USD
2026-06-18 00:03:48.997 [http-nio-8080-exec-3] INFO  c.a.l.s.Order.CartPreviewService - Cart preview requested with 2 items, currency: USD
2026-06-18 00:03:49.562 [http-nio-8080-exec-3] INFO  c.a.l.cache.PriceCacheRepository - Price cached: price:product:1:grade:1:AZN
2026-06-18 00:03:49.582 [http-nio-8080-exec-3] INFO  c.a.l.cache.PriceCacheRepository - Price cache hit: price:product:1:grade:3:USD
2026-06-18 00:03:51.101 [http-nio-8080-exec-5] INFO  c.a.l.c.order.CartController - POST /api/cart/preview - 2 items, currency: USD
2026-06-18 00:03:51.246 [http-nio-8080-exec-1] INFO  c.a.l.c.order.CartController - POST /api/cart/preview - 2 items, currency: USD
2026-06-18 00:03:51.729 [http-nio-8080-exec-5] INFO  c.a.l.s.Order.CartPreviewService - Cart preview requested with 2 items, currency: USD
2026-06-18 00:03:51.836 [http-nio-8080-exec-1] INFO  c.a.l.s.Order.CartPreviewService - Cart preview requested with 2 items, currency: USD
2026-06-18 00:03:53.589 [http-nio-8080-exec-1] INFO  c.a.l.cache.PriceCacheRepository - Price cached: price:product:1:grade:1:AZN
2026-06-18 00:03:53.589 [http-nio-8080-exec-5] INFO  c.a.l.cache.PriceCacheRepository - Price cached: price:product:1:grade:1:AZN
2026-06-18 00:03:53.823 [http-nio-8080-exec-1] INFO  c.a.l.cache.PriceCacheRepository - Price cache hit: price:product:1:grade:3:USD
2026-06-18 00:03:53.825 [http-nio-8080-exec-5] INFO  c.a.l.cache.PriceCacheRepository - Price cache hit: price:product:1:grade:3:USD
2026-06-18 00:10:17.704 [http-nio-8080-exec-4] INFO  c.a.l.c.a.AdminPricingRuleController - GET /api/admin/pricing/rules
2026-06-18 00:10:17.785 [http-nio-8080-exec-2] INFO  c.a.l.c.order.CartController - POST /api/cart/preview - 2 items, currency: USD
2026-06-18 00:10:17.787 [http-nio-8080-exec-8] INFO  c.a.l.c.order.CartController - POST /api/cart/preview - 2 items, currency: USD
2026-06-18 00:10:17.821 [http-nio-8080-exec-4] INFO  c.a.l.s.pricing.PricingRuleService - Fetching pricing rules, activeOnly: false
2026-06-18 00:10:17.840 [http-nio-8080-exec-8] INFO  c.a.l.s.Order.CartPreviewService - Cart preview requested with 2 items, currency: USD
2026-06-18 00:10:17.915 [http-nio-8080-exec-2] INFO  c.a.l.s.Order.CartPreviewService - Cart preview requested with 2 items, currency: USD
2026-06-18 00:10:28.221 [http-nio-8080-exec-3] INFO  c.a.l.c.a.AdminPricingRuleController - GET /api/admin/pricing/rules
2026-06-18 00:10:28.224 [http-nio-8080-exec-3] INFO  c.a.l.s.pricing.PricingRuleService - Fetching pricing rules, activeOnly: false
2026-06-18 00:10:30.952 [http-nio-8080-exec-8] INFO  c.a.l.cache.PriceCacheRepository - Price cached: price:product:1:grade:1:AZN
2026-06-18 00:10:30.952 [http-nio-8080-exec-2] INFO  c.a.l.cache.PriceCacheRepository - Price cached: price:product:1:grade:1:AZN
2026-06-18 00:10:30.988 [http-nio-8080-exec-8] INFO  c.a.l.cache.PriceCacheRepository - Price cache hit: price:product:1:grade:3:USD
2026-06-18 00:10:30.987 [http-nio-8080-exec-2] INFO  c.a.l.cache.PriceCacheRepository - Price cache hit: price:product:1:grade:3:USD
2026-06-18 00:10:56.746 [http-nio-8080-exec-1] INFO  c.a.l.c.order.CartController - POST /api/cart/preview - 2 items, currency: USD
2026-06-18 00:10:56.782 [http-nio-8080-exec-5] INFO  c.a.l.c.order.CartController - POST /api/cart/preview - 2 items, currency: USD
2026-06-18 00:10:56.814 [http-nio-8080-exec-10] INFO  c.a.l.c.a.AdminPricingRuleController - GET /api/admin/pricing/rules
2026-06-18 00:10:56.821 [http-nio-8080-exec-5] INFO  c.a.l.s.Order.CartPreviewService - Cart preview requested with 2 items, currency: USD
2026-06-18 00:10:56.821 [http-nio-8080-exec-1] INFO  c.a.l.s.Order.CartPreviewService - Cart preview requested with 2 items, currency: USD
2026-06-18 00:10:56.839 [http-nio-8080-exec-10] INFO  c.a.l.s.pricing.PricingRuleService - Fetching pricing rules, activeOnly: false
2026-06-18 00:10:57.965 [http-nio-8080-exec-6] INFO  c.a.l.c.a.AdminPricingRuleController - GET /api/admin/pricing/rules
2026-06-18 00:10:57.966 [http-nio-8080-exec-6] INFO  c.a.l.s.pricing.PricingRuleService - Fetching pricing rules, activeOnly: false
2026-06-18 00:10:59.973 [http-nio-8080-exec-5] INFO  c.a.l.cache.PriceCacheRepository - Price cached: price:product:1:grade:1:AZN
2026-06-18 00:11:00.030 [http-nio-8080-exec-5] INFO  c.a.l.cache.PriceCacheRepository - Price cache hit: price:product:1:grade:3:USD
2026-06-18 00:11:00.823 [http-nio-8080-exec-1] INFO  c.a.l.cache.PriceCacheRepository - Price cached: price:product:1:grade:1:AZN
2026-06-18 00:11:00.856 [http-nio-8080-exec-1] INFO  c.a.l.cache.PriceCacheRepository - Price cache hit: price:product:1:grade:3:USD
2026-06-18 00:11:07.297 [http-nio-8080-exec-9] INFO  c.a.l.c.order.OrderController - GET /api/orders/me - User: 3, page: 0
2026-06-18 00:11:07.442 [http-nio-8080-exec-7] INFO  c.a.l.c.order.OrderController - GET /api/orders/me - User: 3, page: 0
2026-06-18 00:11:07.737 [http-nio-8080-exec-4] INFO  c.a.l.c.catalog.ProductController - GET /api/products - page: 0, filter: ProductFilterRequest(modelType=null, search=, page=0, size=12)
2026-06-18 00:11:07.745 [http-nio-8080-exec-4] INFO  c.a.l.s.c.ProductCatalogService - Fetching product catalog - page: 0, currency: USD
2026-06-18 00:11:07.769 [http-nio-8080-exec-4] INFO  c.a.l.c.ProductCatalogCacheRepository - Initial page cache hit for USD
2026-06-18 00:11:09.965 [http-nio-8080-exec-3] INFO  c.a.l.c.order.CartController - POST /api/cart/preview - 2 items, currency: USD
2026-06-18 00:11:09.972 [http-nio-8080-exec-3] INFO  c.a.l.s.Order.CartPreviewService - Cart preview requested with 2 items, currency: USD
2026-06-18 00:11:10.140 [http-nio-8080-exec-3] INFO  c.a.l.cache.PriceCacheRepository - Price cached: price:product:1:grade:1:AZN
2026-06-18 00:11:10.155 [http-nio-8080-exec-3] INFO  c.a.l.cache.PriceCacheRepository - Price cache hit: price:product:1:grade:3:USD
2026-06-18 00:11:12.397 [http-nio-8080-exec-8] INFO  c.a.l.c.order.CartController - POST /api/cart/preview - 1 items, currency: USD
2026-06-18 00:11:12.445 [http-nio-8080-exec-8] INFO  c.a.l.s.Order.CartPreviewService - Cart preview requested with 1 items, currency: USD
2026-06-18 00:11:12.582 [http-nio-8080-exec-8] INFO  c.a.l.cache.PriceCacheRepository - Price cache hit: price:product:1:grade:3:USD
2026-06-18 00:11:14.515 [http-nio-8080-exec-2] INFO  c.a.l.c.order.CartController - POST /api/cart/preview - 1 items, currency: USD
2026-06-18 00:11:14.517 [http-nio-8080-exec-10] INFO  c.a.l.c.order.CartController - POST /api/cart/preview - 1 items, currency: USD
2026-06-18 00:11:14.537 [http-nio-8080-exec-10] INFO  c.a.l.s.Order.CartPreviewService - Cart preview requested with 1 items, currency: USD
2026-06-18 00:11:14.551 [http-nio-8080-exec-2] INFO  c.a.l.s.Order.CartPreviewService - Cart preview requested with 1 items, currency: USD
2026-06-18 00:11:14.719 [http-nio-8080-exec-2] INFO  c.a.l.cache.PriceCacheRepository - Price cache hit: price:product:1:grade:3:USD
2026-06-18 00:11:14.779 [http-nio-8080-exec-10] INFO  c.a.l.cache.PriceCacheRepository - Price cache hit: price:product:1:grade:3:USD
2026-06-18 00:15:14.863 [http-nio-8080-exec-9] INFO  c.a.l.c.catalog.ProductController - GET /api/products - page: 0, filter: ProductFilterRequest(modelType=null, search=, page=0, size=12)
2026-06-18 00:15:15.727 [http-nio-8080-exec-9] INFO  c.a.l.s.c.ProductCatalogService - Fetching product catalog - page: 0, currency: USD
2026-06-18 00:15:16.026 [http-nio-8080-exec-9] INFO  c.a.l.c.ProductCatalogCacheRepository - Initial page cache hit for USD
2026-06-18 00:15:19.958 [http-nio-8080-exec-4] INFO  c.a.l.c.catalog.ProductController - GET /api/products - page: 0, filter: ProductFilterRequest(modelType=null, search=, page=0, size=12)
2026-06-18 00:15:20.002 [http-nio-8080-exec-7] INFO  c.a.l.c.a.AdminPricingRuleController - GET /api/admin/pricing/rules
2026-06-18 00:15:20.050 [http-nio-8080-exec-4] INFO  c.a.l.s.c.ProductCatalogService - Fetching product catalog - page: 0, currency: USD
2026-06-18 00:15:20.105 [http-nio-8080-exec-7] INFO  c.a.l.s.pricing.PricingRuleService - Fetching pricing rules, activeOnly: false
2026-06-18 00:15:20.194 [http-nio-8080-exec-4] INFO  c.a.l.c.ProductCatalogCacheRepository - Initial page cache hit for USD
2026-06-18 00:15:21.152 [http-nio-8080-exec-3] INFO  c.a.l.c.a.AdminPricingRuleController - GET /api/admin/pricing/rules
2026-06-18 00:15:21.207 [http-nio-8080-exec-3] INFO  c.a.l.s.pricing.PricingRuleService - Fetching pricing rules, activeOnly: false
2026-06-18 00:15:23.562 [http-nio-8080-exec-5] INFO  c.a.l.c.catalog.ProductController - GET /api/products/1/available-leathers
2026-06-18 00:15:23.565 [http-nio-8080-exec-5] INFO  c.a.l.s.c.ProductCatalogService - Fetching available leathers for product: 1
2026-06-18 00:15:23.566 [http-nio-8080-exec-1] INFO  c.a.l.c.catalog.ProductController - GET /api/products/1 - Product detail requested
2026-06-18 00:15:23.772 [http-nio-8080-exec-1] INFO  c.a.l.cache.PriceCacheRepository - Price cache hit: price:product:1:grade:3:USD
2026-06-18 00:15:24.158 [http-nio-8080-exec-5] INFO  c.a.l.cache.LeatherCacheRepository - Cached 4 leathers for product: 1
2026-06-18 00:15:24.161 [http-nio-8080-exec-5] INFO  c.a.l.s.c.ProductCatalogService - Found and cached 4 leathers for product: 1
2026-06-18 00:15:24.239 [http-nio-8080-exec-9] INFO  c.a.l.c.catalog.ProductController - GET /api/products/1/available-leathers
2026-06-18 00:15:24.241 [http-nio-8080-exec-9] INFO  c.a.l.s.c.ProductCatalogService - Fetching available leathers for product: 1
2026-06-18 00:15:24.326 [http-nio-8080-exec-9] INFO  c.a.l.cache.LeatherCacheRepository - Cache hit for leathers: 1
2026-06-18 00:15:24.385 [http-nio-8080-exec-9] INFO  c.a.l.s.c.ProductCatalogService - Returning cached leathers for product: 1
2026-06-18 00:15:24.446 [http-nio-8080-exec-1] INFO  c.a.l.cache.PriceCacheRepository - Price cached: price:product:1:grade:1:AZN
2026-06-18 00:15:24.537 [http-nio-8080-exec-1] INFO  c.a.l.c.ProductCatalogCacheRepository - Product detail cached with key: product:detail:1:USD
2026-06-18 00:15:24.627 [http-nio-8080-exec-4] INFO  c.a.l.c.catalog.ProductController - GET /api/products/1 - Product detail requested
2026-06-18 00:15:24.721 [http-nio-8080-exec-4] INFO  c.a.l.c.ProductCatalogCacheRepository - Product detail cache hit: product:detail:1:USD
2026-06-18 00:15:24.722 [http-nio-8080-exec-4] INFO  c.a.l.s.c.ProductCatalogService - Cache hit: Returning product 1 for USD
2026-06-18 00:15:27.241 [http-nio-8080-exec-7] INFO  c.a.l.c.catalog.ProductController - GET /api/products - page: 0, filter: ProductFilterRequest(modelType=null, search=, page=0, size=12)
2026-06-18 00:15:27.246 [http-nio-8080-exec-7] INFO  c.a.l.s.c.ProductCatalogService - Fetching product catalog - page: 0, currency: USD
2026-06-18 00:15:27.279 [http-nio-8080-exec-7] INFO  c.a.l.c.ProductCatalogCacheRepository - Initial page cache hit for USD
2026-06-18 00:15:28.528 [http-nio-8080-exec-5] INFO  c.a.l.c.catalog.ProductController - GET /api/products/5 - Product detail requested
2026-06-18 00:15:28.528 [http-nio-8080-exec-10] INFO  c.a.l.c.catalog.ProductController - GET /api/products/5/available-leathers
2026-06-18 00:15:28.543 [http-nio-8080-exec-10] INFO  c.a.l.s.c.ProductCatalogService - Fetching available leathers for product: 5
2026-06-18 00:15:28.953 [http-nio-8080-exec-5] INFO  c.a.l.cache.PriceCacheRepository - Price cached: price:product:5:grade:2:AZN
2026-06-18 00:15:28.975 [http-nio-8080-exec-10] INFO  c.a.l.cache.LeatherCacheRepository - Cached 2 leathers for product: 5
2026-06-18 00:15:28.975 [http-nio-8080-exec-10] INFO  c.a.l.s.c.ProductCatalogService - Found and cached 2 leathers for product: 5
2026-06-18 00:15:29.046 [http-nio-8080-exec-9] INFO  c.a.l.c.catalog.ProductController - GET /api/products/5/available-leathers
2026-06-18 00:15:29.050 [http-nio-8080-exec-9] INFO  c.a.l.s.c.ProductCatalogService - Fetching available leathers for product: 5
2026-06-18 00:15:29.060 [http-nio-8080-exec-9] INFO  c.a.l.cache.LeatherCacheRepository - Cache hit for leathers: 5
2026-06-18 00:15:29.062 [http-nio-8080-exec-9] INFO  c.a.l.s.c.ProductCatalogService - Returning cached leathers for product: 5
2026-06-18 00:15:29.094 [http-nio-8080-exec-5] INFO  c.a.l.cache.PriceCacheRepository - Price cached: price:product:5:grade:3:AZN
2026-06-18 00:15:29.108 [http-nio-8080-exec-5] INFO  c.a.l.c.ProductCatalogCacheRepository - Product detail cached with key: product:detail:5:USD
2026-06-18 00:15:29.132 [http-nio-8080-exec-1] INFO  c.a.l.c.catalog.ProductController - GET /api/products/5 - Product detail requested
2026-06-18 00:15:29.142 [http-nio-8080-exec-1] INFO  c.a.l.c.ProductCatalogCacheRepository - Product detail cache hit: product:detail:5:USD
2026-06-18 00:15:29.142 [http-nio-8080-exec-1] INFO  c.a.l.s.c.ProductCatalogService - Cache hit: Returning product 5 for USD
2026-06-18 00:15:30.829 [http-nio-8080-exec-4] INFO  c.a.l.c.order.CartController - POST /api/cart/preview - 2 items, currency: USD
2026-06-18 00:15:30.844 [http-nio-8080-exec-4] INFO  c.a.l.s.Order.CartPreviewService - Cart preview requested with 2 items, currency: USD
2026-06-18 00:15:31.004 [http-nio-8080-exec-4] INFO  c.a.l.cache.PriceCacheRepository - Price cache hit: price:product:1:grade:3:USD
2026-06-18 00:15:31.180 [http-nio-8080-exec-4] INFO  c.a.l.cache.PriceCacheRepository - Price cached: price:product:5:grade:3:AZN
2026-06-18 00:15:32.725 [http-nio-8080-exec-8] INFO  c.a.l.c.order.CartController - POST /api/cart/preview - 2 items, currency: USD
2026-06-18 00:15:32.756 [http-nio-8080-exec-7] INFO  c.a.l.c.order.CartController - POST /api/cart/preview - 2 items, currency: USD
2026-06-18 00:15:32.781 [http-nio-8080-exec-8] INFO  c.a.l.s.Order.CartPreviewService - Cart preview requested with 2 items, currency: USD
2026-06-18 00:15:32.805 [http-nio-8080-exec-7] INFO  c.a.l.s.Order.CartPreviewService - Cart preview requested with 2 items, currency: USD
2026-06-18 00:15:32.934 [http-nio-8080-exec-7] INFO  c.a.l.cache.PriceCacheRepository - Price cache hit: price:product:1:grade:3:USD
2026-06-18 00:15:32.996 [http-nio-8080-exec-8] INFO  c.a.l.cache.PriceCacheRepository - Price cache hit: price:product:1:grade:3:USD
2026-06-18 00:15:33.061 [http-nio-8080-exec-7] INFO  c.a.l.cache.PriceCacheRepository - Price cached: price:product:5:grade:3:AZN
2026-06-18 00:15:33.081 [http-nio-8080-exec-8] INFO  c.a.l.cache.PriceCacheRepository - Price cached: price:product:5:grade:3:AZN
2026-06-18 00:27:36.626 [http-nio-8080-exec-3] INFO  c.a.l.c.order.CartController - POST /api/cart/preview - 2 items, currency: AZN
2026-06-18 00:27:36.626 [http-nio-8080-exec-2] INFO  c.a.l.c.order.CartController - POST /api/cart/preview - 2 items, currency: AZN
2026-06-18 00:27:36.856 [http-nio-8080-exec-3] INFO  c.a.l.s.Order.CartPreviewService - Cart preview requested with 2 items, currency: AZN
2026-06-18 00:27:36.879 [http-nio-8080-exec-2] INFO  c.a.l.s.Order.CartPreviewService - Cart preview requested with 2 items, currency: AZN
2026-06-18 00:27:37.447 [http-nio-8080-exec-3] INFO  c.a.l.cache.PriceCacheRepository - Price cache hit: price:product:1:grade:3:AZN
2026-06-18 00:27:37.447 [http-nio-8080-exec-2] INFO  c.a.l.cache.PriceCacheRepository - Price cache hit: price:product:1:grade:3:AZN
2026-06-18 00:27:37.477 [http-nio-8080-exec-2] INFO  c.a.l.cache.PriceCacheRepository - Price cache hit: price:product:5:grade:3:AZN
2026-06-18 00:27:37.477 [http-nio-8080-exec-3] INFO  c.a.l.cache.PriceCacheRepository - Price cache hit: price:product:5:grade:3:AZN
2026-06-18 00:27:37.480 [http-nio-8080-exec-2] WARN  c.a.l.s.Order.CartPreviewService - Price mismatch for product 5: seen=700, current=600.00
2026-06-18 00:27:37.480 [http-nio-8080-exec-3] WARN  c.a.l.s.Order.CartPreviewService - Price mismatch for product 5: seen=700, current=600.00
2026-06-18 00:27:41.863 [http-nio-8080-exec-6] INFO  c.a.l.c.order.CartController - POST /api/cart/preview - 2 items, currency: USD
2026-06-18 00:27:41.866 [http-nio-8080-exec-6] INFO  c.a.l.s.Order.CartPreviewService - Cart preview requested with 2 items, currency: USD
2026-06-18 00:27:41.897 [http-nio-8080-exec-6] INFO  c.a.l.cache.PriceCacheRepository - Price cache hit: price:product:1:grade:3:USD
2026-06-18 00:27:41.974 [http-nio-8080-exec-6] INFO  c.a.l.cache.PriceCacheRepository - Price cached: price:product:5:grade:3:AZN
2026-06-18 00:27:52.474 [http-nio-8080-exec-10] INFO  c.a.l.c.order.CartController - POST /api/cart/preview - 2 items, currency: AZN
2026-06-18 00:27:52.483 [http-nio-8080-exec-10] INFO  c.a.l.s.Order.CartPreviewService - Cart preview requested with 2 items, currency: AZN
2026-06-18 00:27:52.516 [http-nio-8080-exec-10] INFO  c.a.l.cache.PriceCacheRepository - Price cache hit: price:product:1:grade:3:AZN
2026-06-18 00:27:52.520 [http-nio-8080-exec-10] INFO  c.a.l.cache.PriceCacheRepository - Price cache hit: price:product:5:grade:3:AZN
2026-06-18 00:27:52.521 [http-nio-8080-exec-10] WARN  c.a.l.s.Order.CartPreviewService - Price mismatch for product 5: seen=700, current=600.00
2026-06-18 00:27:56.411 [http-nio-8080-exec-1] INFO  c.a.l.c.order.CartController - POST /api/cart/preview - 2 items, currency: USD
2026-06-18 00:27:56.428 [http-nio-8080-exec-1] INFO  c.a.l.s.Order.CartPreviewService - Cart preview requested with 2 items, currency: USD
2026-06-18 00:27:56.486 [http-nio-8080-exec-1] INFO  c.a.l.cache.PriceCacheRepository - Price cache hit: price:product:1:grade:3:USD
2026-06-18 00:27:56.537 [http-nio-8080-exec-1] INFO  c.a.l.cache.PriceCacheRepository - Price cached: price:product:5:grade:3:AZN
2026-06-18 00:28:04.895 [http-nio-8080-exec-4] INFO  c.a.l.c.order.CartController - POST /api/cart/preview - 2 items, currency: AZN
2026-06-18 00:28:04.943 [http-nio-8080-exec-4] INFO  c.a.l.s.Order.CartPreviewService - Cart preview requested with 2 items, currency: AZN
2026-06-18 00:28:05.036 [http-nio-8080-exec-4] INFO  c.a.l.cache.PriceCacheRepository - Price cache hit: price:product:1:grade:3:AZN
2026-06-18 00:28:05.065 [http-nio-8080-exec-4] INFO  c.a.l.cache.PriceCacheRepository - Price cache hit: price:product:5:grade:3:AZN
2026-06-18 00:28:05.065 [http-nio-8080-exec-4] WARN  c.a.l.s.Order.CartPreviewService - Price mismatch for product 5: seen=700, current=600.00
2026-06-18 00:29:14.904 [http-nio-8080-exec-8] INFO  c.a.l.c.order.CartController - POST /api/cart/preview - 2 items, currency: AZN
2026-06-18 00:29:14.992 [http-nio-8080-exec-8] INFO  c.a.l.s.Order.CartPreviewService - Cart preview requested with 2 items, currency: AZN
2026-06-18 00:29:15.217 [http-nio-8080-exec-8] INFO  c.a.l.cache.PriceCacheRepository - Price cache hit: price:product:1:grade:3:AZN
2026-06-18 00:29:15.222 [http-nio-8080-exec-8] INFO  c.a.l.cache.PriceCacheRepository - Price cache hit: price:product:5:grade:3:AZN
2026-06-18 00:29:15.223 [http-nio-8080-exec-8] WARN  c.a.l.s.Order.CartPreviewService - Price mismatch for product 5: seen=700, current=600.00
2026-06-18 00:30:25.295 [http-nio-8080-exec-2] INFO  c.a.l.c.order.CartController - POST /api/cart/preview - 2 items, currency: USD
2026-06-18 00:30:25.318 [http-nio-8080-exec-2] INFO  c.a.l.s.Order.CartPreviewService - Cart preview requested with 2 items, currency: USD
2026-06-18 00:30:25.599 [http-nio-8080-exec-2] INFO  c.a.l.cache.PriceCacheRepository - Price cache hit: price:product:1:grade:3:USD
2026-06-18 00:30:26.021 [http-nio-8080-exec-2] INFO  c.a.l.cache.PriceCacheRepository - Price cached: price:product:5:grade:3:AZN
2026-06-18 00:30:39.713 [http-nio-8080-exec-6] INFO  c.a.l.c.order.CartController - POST /api/cart/preview - 2 items, currency: AZN
2026-06-18 00:30:39.723 [http-nio-8080-exec-6] INFO  c.a.l.s.Order.CartPreviewService - Cart preview requested with 2 items, currency: AZN
2026-06-18 00:30:39.851 [http-nio-8080-exec-6] INFO  c.a.l.cache.PriceCacheRepository - Price cache hit: price:product:1:grade:3:AZN
2026-06-18 00:30:39.868 [http-nio-8080-exec-6] INFO  c.a.l.cache.PriceCacheRepository - Price cache hit: price:product:5:grade:3:AZN
2026-06-18 00:30:39.868 [http-nio-8080-exec-6] WARN  c.a.l.s.Order.CartPreviewService - Price mismatch for product 5: seen=700, current=600.00
2026-06-18 00:30:44.784 [http-nio-8080-exec-10] INFO  c.a.l.c.order.CartController - POST /api/cart/preview - 2 items, currency: USD
2026-06-18 00:30:44.938 [http-nio-8080-exec-10] INFO  c.a.l.s.Order.CartPreviewService - Cart preview requested with 2 items, currency: USD
2026-06-18 00:30:45.135 [http-nio-8080-exec-10] INFO  c.a.l.cache.PriceCacheRepository - Price cache hit: price:product:1:grade:3:USD
2026-06-18 00:30:45.221 [http-nio-8080-exec-10] INFO  c.a.l.cache.PriceCacheRepository - Price cached: price:product:5:grade:3:AZN
2026-06-18 00:37:41.653 [http-nio-8080-exec-5] INFO  c.a.l.c.order.CartController - POST /api/cart/preview - 2 items, currency: USD
2026-06-18 00:37:41.682 [http-nio-8080-exec-5] INFO  c.a.l.s.Order.CartPreviewService - Cart preview requested with 2 items, currency: USD
2026-06-18 00:37:41.942 [http-nio-8080-exec-5] INFO  c.a.l.cache.PriceCacheRepository - Price cache hit: price:product:1:grade:3:USD
2026-06-18 00:37:42.006 [http-nio-8080-exec-5] INFO  c.a.l.cache.PriceCacheRepository - Price cached: price:product:5:grade:3:AZN
2026-06-18 00:37:50.904 [http-nio-8080-exec-7] INFO  c.a.l.c.order.CartController - POST /api/cart/preview - 2 items, currency: USD
2026-06-18 00:37:50.940 [http-nio-8080-exec-1] INFO  c.a.l.c.order.CartController - POST /api/cart/preview - 2 items, currency: USD
2026-06-18 00:37:51.263 [http-nio-8080-exec-1] INFO  c.a.l.s.Order.CartPreviewService - Cart preview requested with 2 items, currency: USD
2026-06-18 00:37:51.266 [http-nio-8080-exec-7] INFO  c.a.l.s.Order.CartPreviewService - Cart preview requested with 2 items, currency: USD
2026-06-18 00:37:51.338 [http-nio-8080-exec-3] INFO  c.a.l.c.a.AdminPricingRuleController - GET /api/admin/pricing/rules
2026-06-18 00:37:51.409 [http-nio-8080-exec-3] INFO  c.a.l.s.pricing.PricingRuleService - Fetching pricing rules, activeOnly: false
2026-06-18 00:37:51.758 [http-nio-8080-exec-7] INFO  c.a.l.cache.PriceCacheRepository - Price cache hit: price:product:1:grade:3:USD
2026-06-18 00:37:52.243 [http-nio-8080-exec-7] INFO  c.a.l.cache.PriceCacheRepository - Price cached: price:product:5:grade:3:AZN
2026-06-18 00:37:52.756 [http-nio-8080-exec-2] INFO  c.a.l.c.a.AdminPricingRuleController - GET /api/admin/pricing/rules
2026-06-18 00:37:52.757 [http-nio-8080-exec-2] INFO  c.a.l.s.pricing.PricingRuleService - Fetching pricing rules, activeOnly: false
2026-06-18 00:37:52.973 [http-nio-8080-exec-1] INFO  c.a.l.cache.PriceCacheRepository - Price cache hit: price:product:1:grade:3:USD
2026-06-18 00:37:53.056 [http-nio-8080-exec-1] INFO  c.a.l.cache.PriceCacheRepository - Price cached: price:product:5:grade:3:AZN
2026-06-18 00:38:28.090 [http-nio-8080-exec-6] INFO  c.a.l.c.order.CartController - POST /api/cart/preview - 2 items, currency: AZN
2026-06-18 00:38:28.093 [http-nio-8080-exec-6] INFO  c.a.l.s.Order.CartPreviewService - Cart preview requested with 2 items, currency: AZN
2026-06-18 00:38:28.117 [http-nio-8080-exec-6] INFO  c.a.l.cache.PriceCacheRepository - Price cache hit: price:product:1:grade:3:AZN
2026-06-18 00:38:28.122 [http-nio-8080-exec-6] INFO  c.a.l.cache.PriceCacheRepository - Price cache hit: price:product:5:grade:3:AZN
2026-06-18 00:38:28.123 [http-nio-8080-exec-6] WARN  c.a.l.s.Order.CartPreviewService - Price mismatch for product 5: seen=700, current=600.00
2026-06-18 00:42:04.327 [http-nio-8080-exec-8] INFO  c.a.l.c.order.CartController - POST /api/cart/preview - 2 items, currency: USD
2026-06-18 00:42:04.398 [http-nio-8080-exec-8] INFO  c.a.l.s.Order.CartPreviewService - Cart preview requested with 2 items, currency: USD
2026-06-18 00:42:04.725 [http-nio-8080-exec-8] INFO  c.a.l.cache.PriceCacheRepository - Price cache hit: price:product:1:grade:3:USD
2026-06-18 00:42:05.561 [http-nio-8080-exec-8] INFO  c.a.l.cache.PriceCacheRepository - Price cached: price:product:5:grade:3:AZN
2026-06-18 00:42:08.115 [http-nio-8080-exec-7] INFO  c.a.l.c.order.CartController - POST /api/cart/preview - 2 items, currency: AZN
2026-06-18 00:42:08.119 [http-nio-8080-exec-7] INFO  c.a.l.s.Order.CartPreviewService - Cart preview requested with 2 items, currency: AZN
2026-06-18 00:42:08.191 [http-nio-8080-exec-7] INFO  c.a.l.cache.PriceCacheRepository - Price cache hit: price:product:1:grade:3:AZN
2026-06-18 00:42:08.197 [http-nio-8080-exec-7] INFO  c.a.l.cache.PriceCacheRepository - Price cache hit: price:product:5:grade:3:AZN
2026-06-18 00:42:08.198 [http-nio-8080-exec-7] WARN  c.a.l.s.Order.CartPreviewService - Price mismatch for product 5: seen=700, current=600.00
2026-06-18 00:42:10.144 [http-nio-8080-exec-3] INFO  c.a.l.c.order.CartController - POST /api/cart/preview - 2 items, currency: USD
2026-06-18 00:42:10.153 [http-nio-8080-exec-3] INFO  c.a.l.s.Order.CartPreviewService - Cart preview requested with 2 items, currency: USD
2026-06-18 00:42:10.294 [http-nio-8080-exec-3] INFO  c.a.l.cache.PriceCacheRepository - Price cache hit: price:product:1:grade:3:USD
2026-06-18 00:42:10.316 [http-nio-8080-exec-3] INFO  c.a.l.cache.PriceCacheRepository - Price cached: price:product:5:grade:3:AZN
2026-06-18 00:42:20.510 [http-nio-8080-exec-2] INFO  c.a.l.c.order.CartController - POST /api/cart/preview - 2 items, currency: AZN
2026-06-18 00:42:20.517 [http-nio-8080-exec-2] INFO  c.a.l.s.Order.CartPreviewService - Cart preview requested with 2 items, currency: AZN
2026-06-18 00:42:20.575 [http-nio-8080-exec-2] INFO  c.a.l.cache.PriceCacheRepository - Price cache hit: price:product:1:grade:3:AZN
2026-06-18 00:42:20.587 [http-nio-8080-exec-2] INFO  c.a.l.cache.PriceCacheRepository - Price cache hit: price:product:5:grade:3:AZN
2026-06-18 00:42:20.587 [http-nio-8080-exec-2] WARN  c.a.l.s.Order.CartPreviewService - Price mismatch for product 5: seen=700, current=600.00
2026-06-18 00:42:49.157 [http-nio-8080-exec-1] INFO  c.a.l.c.order.CartController - POST /api/cart/preview - 2 items, currency: USD
2026-06-18 00:42:49.167 [http-nio-8080-exec-1] INFO  c.a.l.s.Order.CartPreviewService - Cart preview requested with 2 items, currency: USD
2026-06-18 00:42:49.272 [http-nio-8080-exec-1] INFO  c.a.l.cache.PriceCacheRepository - Price cache hit: price:product:1:grade:3:USD
2026-06-18 00:42:49.510 [http-nio-8080-exec-1] INFO  c.a.l.cache.PriceCacheRepository - Price cached: price:product:5:grade:3:AZN
2026-06-18 00:44:35.930 [lettuce-eventExecutorLoop-1-1] INFO  i.l.core.protocol.ConnectionWatchdog - Reconnecting, last destination was localhost/127.0.0.1:6379
2026-06-18 00:44:36.182 [lettuce-nioEventLoop-4-2] WARN  i.l.core.protocol.ConnectionWatchdog - Cannot reconnect to [localhost/<unresolved>:6379]: Connection closed prematurely
io.lettuce.core.RedisConnectionException: Connection closed prematurely
	at io.lettuce.core.protocol.RedisHandshakeHandler.channelInactive(RedisHandshakeHandler.java:76)
	at io.netty.channel.AbstractChannelHandlerContext.invokeChannelInactive(AbstractChannelHandlerContext.java:303)
	at io.netty.channel.AbstractChannelHandlerContext.invokeChannelInactive(AbstractChannelHandlerContext.java:281)
	at io.netty.channel.AbstractChannelHandlerContext.fireChannelInactive(AbstractChannelHandlerContext.java:274)
	at io.netty.channel.ChannelInboundHandlerAdapter.channelInactive(ChannelInboundHandlerAdapter.java:81)
	at io.lettuce.core.ChannelGroupListener.channelInactive(ChannelGroupListener.java:54)
	at io.netty.channel.AbstractChannelHandlerContext.invokeChannelInactive(AbstractChannelHandlerContext.java:303)
	at io.netty.channel.AbstractChannelHandlerContext.invokeChannelInactive(AbstractChannelHandlerContext.java:281)
	at io.netty.channel.AbstractChannelHandlerContext.fireChannelInactive(AbstractChannelHandlerContext.java:274)
	at io.netty.channel.DefaultChannelPipeline$HeadContext.channelInactive(DefaultChannelPipeline.java:1352)
	at io.netty.channel.AbstractChannelHandlerContext.invokeChannelInactive(AbstractChannelHandlerContext.java:301)
	at io.netty.channel.AbstractChannelHandlerContext.invokeChannelInactive(AbstractChannelHandlerContext.java:281)
	at io.netty.channel.DefaultChannelPipeline.fireChannelInactive(DefaultChannelPipeline.java:850)
	at io.netty.channel.AbstractChannel$AbstractUnsafe$7.run(AbstractChannel.java:811)
	at io.netty.util.concurrent.AbstractEventExecutor.runTask(AbstractEventExecutor.java:173)
	at io.netty.util.concurrent.AbstractEventExecutor.safeExecute(AbstractEventExecutor.java:166)
	at io.netty.util.concurrent.SingleThreadEventExecutor.runAllTasks(SingleThreadEventExecutor.java:472)
	at io.netty.channel.nio.NioEventLoop.run(NioEventLoop.java:566)
	at io.netty.util.concurrent.SingleThreadEventExecutor$4.run(SingleThreadEventExecutor.java:998)
	at io.netty.util.internal.ThreadExecutorMap$2.run(ThreadExecutorMap.java:74)
	at io.netty.util.concurrent.FastThreadLocalRunnable.run(FastThreadLocalRunnable.java:30)
	at java.base/java.lang.Thread.run(Thread.java:1583)
2026-06-18 00:44:36.477 [org.springframework.amqp.rabbit.RabbitListenerEndpointContainer#0-1] WARN  o.s.a.r.l.SimpleMessageListenerContainer - Consumer raised exception, processing can restart if the connection factory supports it
com.rabbitmq.client.ShutdownSignalException: connection error; protocol method: #method<connection.close>(reply-code=320, reply-text=CONNECTION_FORCED - broker forced connection closure with reason 'shutdown', class-id=0, method-id=0)
	at com.rabbitmq.client.impl.AMQConnection.startShutdown(AMQConnection.java:1007)
	at com.rabbitmq.client.impl.AMQConnection.shutdown(AMQConnection.java:997)
	at com.rabbitmq.client.impl.AMQConnection.handleConnectionClose(AMQConnection.java:935)
	at com.rabbitmq.client.impl.AMQConnection.processControlCommand(AMQConnection.java:890)
	at com.rabbitmq.client.impl.AMQConnection$1.processAsync(AMQConnection.java:275)
	at com.rabbitmq.client.impl.AMQChannel.handleCompleteInboundCommand(AMQChannel.java:193)
	at com.rabbitmq.client.impl.AMQChannel.handleFrame(AMQChannel.java:125)
	at com.rabbitmq.client.impl.AMQConnection.readFrame(AMQConnection.java:741)
	at com.rabbitmq.client.impl.AMQConnection.access$400(AMQConnection.java:48)
	at com.rabbitmq.client.impl.AMQConnection$MainLoop.run(AMQConnection.java:688)
	at java.base/java.lang.Thread.run(Thread.java:1583)
2026-06-18 00:44:36.594 [org.springframework.amqp.rabbit.RabbitListenerEndpointContainer#0-1] INFO  o.s.a.r.l.SimpleMessageListenerContainer - Restarting Consumer@440f55ad: tags=[[amq.ctag--3qwRj_a0RE3yi4fELBERw]], channel=Cached Rabbit Channel: AMQChannel(amqp://admin@127.0.0.1:5672/,1), conn: Proxy@5eed2701 Shared Rabbit Connection: SimpleConnection@429904c9 [delegate=amqp://admin@127.0.0.1:5672/, localPort=56957], acknowledgeMode=AUTO local queue size=0
2026-06-18 00:44:36.778 [org.springframework.amqp.rabbit.RabbitListenerEndpointContainer#0-2] INFO  o.s.a.r.c.CachingConnectionFactory - Attempting to connect to: [localhost:5672]
2026-06-18 00:44:36.921 [org.springframework.amqp.rabbit.RabbitListenerEndpointContainer#0-2] ERROR o.s.a.r.l.SimpleMessageListenerContainer - Failed to check/redeclare auto-delete queue(s).
org.springframework.amqp.AmqpIOException: java.io.IOException
	at org.springframework.amqp.rabbit.support.RabbitExceptionTranslator.convertRabbitAccessException(RabbitExceptionTranslator.java:70)
	at org.springframework.amqp.rabbit.connection.AbstractConnectionFactory.createBareConnection(AbstractConnectionFactory.java:632)
	at org.springframework.amqp.rabbit.connection.CachingConnectionFactory.createConnection(CachingConnectionFactory.java:726)
	at org.springframework.amqp.rabbit.connection.CachingConnectionFactory.createBareChannel(CachingConnectionFactory.java:671)
	at org.springframework.amqp.rabbit.connection.CachingConnectionFactory.getCachedChannelProxy(CachingConnectionFactory.java:644)
	at org.springframework.amqp.rabbit.connection.CachingConnectionFactory.getChannel(CachingConnectionFactory.java:533)
	at org.springframework.amqp.rabbit.connection.CachingConnectionFactory$ChannelCachingConnectionProxy.createChannel(CachingConnectionFactory.java:1484)
	at org.springframework.amqp.rabbit.core.RabbitTemplate.doExecute(RabbitTemplate.java:2267)
	at org.springframework.amqp.rabbit.core.RabbitTemplate.execute(RabbitTemplate.java:2234)
	at org.springframework.amqp.rabbit.core.RabbitTemplate.execute(RabbitTemplate.java:2214)
	at org.springframework.amqp.rabbit.core.RabbitAdmin.getQueueInfo(RabbitAdmin.java:467)
	at org.springframework.amqp.rabbit.core.RabbitAdmin.getQueueProperties(RabbitAdmin.java:451)
	at org.springframework.amqp.rabbit.listener.AbstractMessageListenerContainer.attemptDeclarations(AbstractMessageListenerContainer.java:1972)
	at org.springframework.amqp.rabbit.listener.AbstractMessageListenerContainer.redeclareElementsIfNecessary(AbstractMessageListenerContainer.java:1936)
	at org.springframework.amqp.rabbit.listener.SimpleMessageListenerContainer$AsyncMessageProcessingConsumer.initialize(SimpleMessageListenerContainer.java:1489)
	at org.springframework.amqp.rabbit.listener.SimpleMessageListenerContainer$AsyncMessageProcessingConsumer.run(SimpleMessageListenerContainer.java:1328)
	at java.base/java.lang.Thread.run(Thread.java:1583)
Caused by: java.io.IOException
	at com.rabbitmq.client.impl.AMQChannel.wrap(AMQChannel.java:140)
	at com.rabbitmq.client.impl.AMQChannel.wrap(AMQChannel.java:136)
	at com.rabbitmq.client.impl.AMQConnection.start(AMQConnection.java:406)
	at com.rabbitmq.client.ConnectionFactory.newConnection(ConnectionFactory.java:1251)
	at com.rabbitmq.client.ConnectionFactory.newConnection(ConnectionFactory.java:1198)
	at org.springframework.amqp.rabbit.connection.AbstractConnectionFactory.connectAddresses(AbstractConnectionFactory.java:678)
	at org.springframework.amqp.rabbit.connection.AbstractConnectionFactory.connect(AbstractConnectionFactory.java:647)
	at org.springframework.amqp.rabbit.connection.AbstractConnectionFactory.createBareConnection(AbstractConnectionFactory.java:593)
	... 15 common frames omitted
Caused by: com.rabbitmq.client.ShutdownSignalException: connection error
	at com.rabbitmq.utility.ValueOrException.getValue(ValueOrException.java:66)
	at com.rabbitmq.utility.BlockingValueOrException.uninterruptibleGetValue(BlockingValueOrException.java:36)
	at com.rabbitmq.client.impl.AMQChannel$BlockingRpcContinuation.getReply(AMQChannel.java:552)
	at com.rabbitmq.client.impl.AMQConnection.start(AMQConnection.java:336)
	... 20 common frames omitted
Caused by: java.io.EOFException
	at java.base/java.io.DataInputStream.readUnsignedByte(DataInputStream.java:297)
	at com.rabbitmq.client.impl.Frame.readFrom(Frame.java:91)
	at com.rabbitmq.client.impl.SocketFrameHandler.readFrame(SocketFrameHandler.java:199)
	at com.rabbitmq.client.impl.AMQConnection$MainLoop.run(AMQConnection.java:687)
	... 1 common frames omitted
2026-06-18 00:44:36.965 [org.springframework.amqp.rabbit.RabbitListenerEndpointContainer#0-2] INFO  o.s.a.r.c.CachingConnectionFactory - Attempting to connect to: [localhost:5672]
2026-06-18 00:44:41.670 [lettuce-eventExecutorLoop-1-4] INFO  i.l.core.protocol.ConnectionWatchdog - Reconnecting, last destination was localhost/<unresolved>:6379
2026-06-18 00:44:41.672 [lettuce-nioEventLoop-4-1] WARN  i.l.core.protocol.ConnectionWatchdog - Cannot reconnect to [localhost/<unresolved>:6379]: Connection refused: getsockopt: localhost/127.0.0.1:6379
2026-06-18 00:44:42.258 [org.springframework.amqp.rabbit.RabbitListenerEndpointContainer#0-2] WARN  o.s.a.r.l.SimpleMessageListenerContainer - Consumer raised exception, processing can restart if the connection factory supports it
org.springframework.amqp.AmqpIOException: java.io.IOException
	at org.springframework.amqp.rabbit.support.RabbitExceptionTranslator.convertRabbitAccessException(RabbitExceptionTranslator.java:70)
	at org.springframework.amqp.rabbit.connection.AbstractConnectionFactory.createBareConnection(AbstractConnectionFactory.java:632)
	at org.springframework.amqp.rabbit.connection.CachingConnectionFactory.createConnection(CachingConnectionFactory.java:726)
	at org.springframework.amqp.rabbit.connection.ConnectionFactoryUtils.createConnection(ConnectionFactoryUtils.java:257)
	at org.springframework.amqp.rabbit.connection.ConnectionFactoryUtils$RabbitResourceFactory.createConnection(ConnectionFactoryUtils.java:345)
	at org.springframework.amqp.rabbit.connection.ConnectionFactoryUtils.doGetTransactionalResourceHolder(ConnectionFactoryUtils.java:140)
	at org.springframework.amqp.rabbit.connection.ConnectionFactoryUtils.getTransactionalResourceHolder(ConnectionFactoryUtils.java:102)
	at org.springframework.amqp.rabbit.connection.ConnectionFactoryUtils.getTransactionalResourceHolder(ConnectionFactoryUtils.java:85)
	at org.springframework.amqp.rabbit.listener.BlockingQueueConsumer.start(BlockingQueueConsumer.java:625)
	at org.springframework.amqp.rabbit.listener.SimpleMessageListenerContainer$AsyncMessageProcessingConsumer.initialize(SimpleMessageListenerContainer.java:1490)
	at org.springframework.amqp.rabbit.listener.SimpleMessageListenerContainer$AsyncMessageProcessingConsumer.run(SimpleMessageListenerContainer.java:1328)
	at java.base/java.lang.Thread.run(Thread.java:1583)
Caused by: java.io.IOException
	at com.rabbitmq.client.impl.AMQChannel.wrap(AMQChannel.java:140)
	at com.rabbitmq.client.impl.AMQChannel.wrap(AMQChannel.java:136)
	at com.rabbitmq.client.impl.AMQConnection.start(AMQConnection.java:406)
	at com.rabbitmq.client.ConnectionFactory.newConnection(ConnectionFactory.java:1251)
	at com.rabbitmq.client.ConnectionFactory.newConnection(ConnectionFactory.java:1198)
	at org.springframework.amqp.rabbit.connection.AbstractConnectionFactory.connectAddresses(AbstractConnectionFactory.java:678)
	at org.springframework.amqp.rabbit.connection.AbstractConnectionFactory.connect(AbstractConnectionFactory.java:647)
	at org.springframework.amqp.rabbit.connection.AbstractConnectionFactory.createBareConnection(AbstractConnectionFactory.java:593)
	... 10 common frames omitted
Caused by: com.rabbitmq.client.ShutdownSignalException: connection error
	at com.rabbitmq.utility.ValueOrException.getValue(ValueOrException.java:66)
	at com.rabbitmq.utility.BlockingValueOrException.uninterruptibleGetValue(BlockingValueOrException.java:36)
	at com.rabbitmq.client.impl.AMQChannel$BlockingRpcContinuation.getReply(AMQChannel.java:552)
	at com.rabbitmq.client.impl.AMQConnection.start(AMQConnection.java:336)
	... 15 common frames omitted
Caused by: java.io.EOFException
	at java.base/java.io.DataInputStream.readUnsignedByte(DataInputStream.java:297)
	at com.rabbitmq.client.impl.Frame.readFrom(Frame.java:91)
	at com.rabbitmq.client.impl.SocketFrameHandler.readFrame(SocketFrameHandler.java:199)
	at com.rabbitmq.client.impl.AMQConnection$MainLoop.run(AMQConnection.java:687)
	... 1 common frames omitted
2026-06-18 00:44:42.261 [org.springframework.amqp.rabbit.RabbitListenerEndpointContainer#0-2] INFO  o.s.a.r.l.SimpleMessageListenerContainer - Restarting Consumer@7157ee47: tags=[[]], channel=null, acknowledgeMode=AUTO local queue size=0
2026-06-18 00:44:42.263 [org.springframework.amqp.rabbit.RabbitListenerEndpointContainer#0-3] INFO  o.s.a.r.c.CachingConnectionFactory - Attempting to connect to: [localhost:5672]
2026-06-18 00:44:42.265 [org.springframework.amqp.rabbit.RabbitListenerEndpointContainer#0-3] ERROR o.s.a.r.l.SimpleMessageListenerContainer - Failed to check/redeclare auto-delete queue(s).
2026-06-18 00:44:42.265 [org.springframework.amqp.rabbit.RabbitListenerEndpointContainer#0-3] INFO  o.s.a.r.c.CachingConnectionFactory - Attempting to connect to: [localhost:5672]
2026-06-18 00:44:44.307 [HikariPool-1:housekeeper] WARN  com.zaxxer.hikari.pool.PoolBase - HikariPool-1 - Failed to validate connection org.postgresql.jdbc.PgConnection@43fd23c0 (This connection has been closed.). Possibly consider using a shorter maxLifetime value.
2026-06-18 00:44:47.329 [org.springframework.amqp.rabbit.RabbitListenerEndpointContainer#0-3] WARN  o.s.a.r.l.SimpleMessageListenerContainer - Consumer raised exception, processing can restart if the connection factory supports it. Exception summary: org.springframework.amqp.AmqpConnectException: java.net.ConnectException: Connection refused: getsockopt
2026-06-18 00:44:47.330 [org.springframework.amqp.rabbit.RabbitListenerEndpointContainer#0-3] INFO  o.s.a.r.l.SimpleMessageListenerContainer - Restarting Consumer@27176ee5: tags=[[]], channel=null, acknowledgeMode=AUTO local queue size=0
2026-06-18 00:44:47.342 [org.springframework.amqp.rabbit.RabbitListenerEndpointContainer#0-4] INFO  o.s.a.r.c.CachingConnectionFactory - Attempting to connect to: [localhost:5672]
2026-06-18 00:44:47.345 [org.springframework.amqp.rabbit.RabbitListenerEndpointContainer#0-4] ERROR o.s.a.r.l.SimpleMessageListenerContainer - Failed to check/redeclare auto-delete queue(s).
2026-06-18 00:44:47.346 [org.springframework.amqp.rabbit.RabbitListenerEndpointContainer#0-4] INFO  o.s.a.r.c.CachingConnectionFactory - Attempting to connect to: [localhost:5672]
2026-06-18 00:44:52.489 [org.springframework.amqp.rabbit.RabbitListenerEndpointContainer#0-4] WARN  o.s.a.r.l.SimpleMessageListenerContainer - Consumer raised exception, processing can restart if the connection factory supports it. Exception summary: org.springframework.amqp.AmqpConnectException: java.net.ConnectException: Connection refused: getsockopt
2026-06-18 00:44:52.489 [org.springframework.amqp.rabbit.RabbitListenerEndpointContainer#0-4] INFO  o.s.a.r.l.SimpleMessageListenerContainer - Restarting Consumer@3f5b364d: tags=[[]], channel=null, acknowledgeMode=AUTO local queue size=0
2026-06-18 00:44:52.493 [org.springframework.amqp.rabbit.RabbitListenerEndpointContainer#0-5] INFO  o.s.a.r.c.CachingConnectionFactory - Attempting to connect to: [localhost:5672]
2026-06-18 00:44:52.495 [org.springframework.amqp.rabbit.RabbitListenerEndpointContainer#0-5] ERROR o.s.a.r.l.SimpleMessageListenerContainer - Failed to check/redeclare auto-delete queue(s).
2026-06-18 00:44:52.496 [org.springframework.amqp.rabbit.RabbitListenerEndpointContainer#0-5] INFO  o.s.a.r.c.CachingConnectionFactory - Attempting to connect to: [localhost:5672]
2026-06-18 00:44:53.915 [org.springframework.amqp.rabbit.RabbitListenerEndpointContainer#0-6] INFO  o.s.a.r.l.SimpleMessageListenerContainer - Waiting for workers to finish.
2026-06-18 00:44:53.915 [org.springframework.amqp.rabbit.RabbitListenerEndpointContainer#0-6] INFO  o.s.a.r.l.SimpleMessageListenerContainer - Successfully waited for workers to finish.
2026-06-18 00:44:53.959 [SpringApplicationShutdownHook] INFO  o.s.b.w.e.tomcat.GracefulShutdown - Commencing graceful shutdown. Waiting for active requests to complete
2026-06-18 00:44:54.150 [lettuce-eventExecutorLoop-1-3] INFO  i.l.core.protocol.ConnectionWatchdog - Reconnecting, last destination was localhost/<unresolved>:6379
2026-06-18 00:44:54.164 [lettuce-nioEventLoop-4-3] WARN  i.l.core.protocol.ConnectionWatchdog - Cannot reconnect to [localhost/<unresolved>:6379]: Connection refused: getsockopt: localhost/127.0.0.1:6379
2026-06-18 00:44:54.187 [tomcat-shutdown] INFO  o.s.b.w.e.tomcat.GracefulShutdown - Graceful shutdown complete
2026-06-18 00:44:55.101 [SpringApplicationShutdownHook] INFO  o.s.o.j.LocalContainerEntityManagerFactoryBean - Closing JPA EntityManagerFactory for persistence unit 'default'
2026-06-18 00:44:55.189 [SpringApplicationShutdownHook] INFO  com.zaxxer.hikari.HikariDataSource - HikariPool-1 - Shutdown initiated...
2026-06-18 22:48:47.126 [background-preinit] INFO  o.h.validator.internal.util.Version - HV000001: Hibernate Validator 8.0.3.Final
2026-06-18 22:48:47.279 [main] INFO  c.a.leather.AiatelyeApplication - Starting AiatelyeApplication using Java 21.0.8 with PID 10420 (D:\My_project_Spring\Aiatelye\Aiatelye\build\classes\java\main started by elcin in D:\My_project_Spring\Aiatelye\Aiatelye)
2026-06-18 22:48:47.280 [main] INFO  c.a.leather.AiatelyeApplication - No active profile set, falling back to 1 default profile: "default"
2026-06-18 22:49:05.699 [main] INFO  o.s.d.r.c.RepositoryConfigurationDelegate - Multiple Spring Data modules found, entering strict repository configuration mode
2026-06-18 22:49:05.705 [main] INFO  o.s.d.r.c.RepositoryConfigurationDelegate - Bootstrapping Spring Data JPA repositories in DEFAULT mode.
2026-06-18 22:49:06.621 [main] INFO  o.s.d.r.c.RepositoryConfigurationDelegate - Finished Spring Data repository scanning in 895 ms. Found 14 JPA repository interfaces.
2026-06-18 22:49:06.742 [main] INFO  o.s.d.r.c.RepositoryConfigurationDelegate - Multiple Spring Data modules found, entering strict repository configuration mode
2026-06-18 22:49:06.757 [main] INFO  o.s.d.r.c.RepositoryConfigurationDelegate - Bootstrapping Spring Data Redis repositories in DEFAULT mode.
2026-06-18 22:49:07.156 [main] INFO  o.s.d.r.c.RepositoryConfigurationExtensionSupport - Spring Data Redis - Could not safely identify store assignment for repository candidate interface com.aiatelye.leather.repository.CustomDesignRepository; If you want this repository to be a Redis repository, consider annotating your entities with one of these annotations: org.springframework.data.redis.core.RedisHash (preferred), or consider extending one of the following types with your repository: org.springframework.data.keyvalue.repository.KeyValueRepository
2026-06-18 22:49:07.159 [main] INFO  o.s.d.r.c.RepositoryConfigurationExtensionSupport - Spring Data Redis - Could not safely identify store assignment for repository candidate interface com.aiatelye.leather.repository.LeatherGradeRepository; If you want this repository to be a Redis repository, consider annotating your entities with one of these annotations: org.springframework.data.redis.core.RedisHash (preferred), or consider extending one of the following types with your repository: org.springframework.data.keyvalue.repository.KeyValueRepository
2026-06-18 22:49:07.163 [main] INFO  o.s.d.r.c.RepositoryConfigurationExtensionSupport - Spring Data Redis - Could not safely identify store assignment for repository candidate interface com.aiatelye.leather.repository.LeatherRepository; If you want this repository to be a Redis repository, consider annotating your entities with one of these annotations: org.springframework.data.redis.core.RedisHash (preferred), or consider extending one of the following types with your repository: org.springframework.data.keyvalue.repository.KeyValueRepository
2026-06-18 22:49:07.167 [main] INFO  o.s.d.r.c.RepositoryConfigurationExtensionSupport - Spring Data Redis - Could not safely identify store assignment for repository candidate interface com.aiatelye.leather.repository.OrderItemRepository; If you want this repository to be a Redis repository, consider annotating your entities with one of these annotations: org.springframework.data.redis.core.RedisHash (preferred), or consider extending one of the following types with your repository: org.springframework.data.keyvalue.repository.KeyValueRepository
2026-06-18 22:49:07.169 [main] INFO  o.s.d.r.c.RepositoryConfigurationExtensionSupport - Spring Data Redis - Could not safely identify store assignment for repository candidate interface com.aiatelye.leather.repository.OrderRepository; If you want this repository to be a Redis repository, consider annotating your entities with one of these annotations: org.springframework.data.redis.core.RedisHash (preferred), or consider extending one of the following types with your repository: org.springframework.data.keyvalue.repository.KeyValueRepository
2026-06-18 22:49:07.172 [main] INFO  o.s.d.r.c.RepositoryConfigurationExtensionSupport - Spring Data Redis - Could not safely identify store assignment for repository candidate interface com.aiatelye.leather.repository.PasswordResetTokenRepository; If you want this repository to be a Redis repository, consider annotating your entities with one of these annotations: org.springframework.data.redis.core.RedisHash (preferred), or consider extending one of the following types with your repository: org.springframework.data.keyvalue.repository.KeyValueRepository
2026-06-18 22:49:07.173 [main] INFO  o.s.d.r.c.RepositoryConfigurationExtensionSupport - Spring Data Redis - Could not safely identify store assignment for repository candidate interface com.aiatelye.leather.repository.PricingRuleRepository; If you want this repository to be a Redis repository, consider annotating your entities with one of these annotations: org.springframework.data.redis.core.RedisHash (preferred), or consider extending one of the following types with your repository: org.springframework.data.keyvalue.repository.KeyValueRepository
2026-06-18 22:49:07.176 [main] INFO  o.s.d.r.c.RepositoryConfigurationExtensionSupport - Spring Data Redis - Could not safely identify store assignment for repository candidate interface com.aiatelye.leather.repository.ProductGradePriceRepository; If you want this repository to be a Redis repository, consider annotating your entities with one of these annotations: org.springframework.data.redis.core.RedisHash (preferred), or consider extending one of the following types with your repository: org.springframework.data.keyvalue.repository.KeyValueRepository
2026-06-18 22:49:07.177 [main] INFO  o.s.d.r.c.RepositoryConfigurationExtensionSupport - Spring Data Redis - Could not safely identify store assignment for repository candidate interface com.aiatelye.leather.repository.ProductImageRepository; If you want this repository to be a Redis repository, consider annotating your entities with one of these annotations: org.springframework.data.redis.core.RedisHash (preferred), or consider extending one of the following types with your repository: org.springframework.data.keyvalue.repository.KeyValueRepository
2026-06-18 22:49:07.179 [main] INFO  o.s.d.r.c.RepositoryConfigurationExtensionSupport - Spring Data Redis - Could not safely identify store assignment for repository candidate interface com.aiatelye.leather.repository.ProductModelRepository; If you want this repository to be a Redis repository, consider annotating your entities with one of these annotations: org.springframework.data.redis.core.RedisHash (preferred), or consider extending one of the following types with your repository: org.springframework.data.keyvalue.repository.KeyValueRepository
2026-06-18 22:49:07.180 [main] INFO  o.s.d.r.c.RepositoryConfigurationExtensionSupport - Spring Data Redis - Could not safely identify store assignment for repository candidate interface com.aiatelye.leather.repository.ShippingLocationRepository; If you want this repository to be a Redis repository, consider annotating your entities with one of these annotations: org.springframework.data.redis.core.RedisHash (preferred), or consider extending one of the following types with your repository: org.springframework.data.keyvalue.repository.KeyValueRepository
2026-06-18 22:49:07.182 [main] INFO  o.s.d.r.c.RepositoryConfigurationExtensionSupport - Spring Data Redis - Could not safely identify store assignment for repository candidate interface com.aiatelye.leather.repository.UserLimitRepository; If you want this repository to be a Redis repository, consider annotating your entities with one of these annotations: org.springframework.data.redis.core.RedisHash (preferred), or consider extending one of the following types with your repository: org.springframework.data.keyvalue.repository.KeyValueRepository
2026-06-18 22:49:07.183 [main] INFO  o.s.d.r.c.RepositoryConfigurationExtensionSupport - Spring Data Redis - Could not safely identify store assignment for repository candidate interface com.aiatelye.leather.repository.UserRepository; If you want this repository to be a Redis repository, consider annotating your entities with one of these annotations: org.springframework.data.redis.core.RedisHash (preferred), or consider extending one of the following types with your repository: org.springframework.data.keyvalue.repository.KeyValueRepository
2026-06-18 22:49:07.186 [main] INFO  o.s.d.r.c.RepositoryConfigurationExtensionSupport - Spring Data Redis - Could not safely identify store assignment for repository candidate interface com.aiatelye.leather.Securty.repository.AuthUserRepository; If you want this repository to be a Redis repository, consider annotating your entities with one of these annotations: org.springframework.data.redis.core.RedisHash (preferred), or consider extending one of the following types with your repository: org.springframework.data.keyvalue.repository.KeyValueRepository
2026-06-18 22:49:07.188 [main] INFO  o.s.d.r.c.RepositoryConfigurationDelegate - Finished Spring Data repository scanning in 366 ms. Found 0 Redis repository interfaces.
2026-06-18 22:49:08.308 [main] INFO  o.s.cloud.context.scope.GenericScope - BeanFactory id=930839d3-68bb-3b19-a1cc-69fbabdf9cca
2026-06-18 22:49:10.758 [main] INFO  o.s.b.w.e.tomcat.TomcatWebServer - Tomcat initialized with port 8080 (http)
2026-06-18 22:49:10.816 [main] INFO  o.a.coyote.http11.Http11NioProtocol - Initializing ProtocolHandler ["http-nio-8080"]
2026-06-18 22:49:10.821 [main] INFO  o.a.catalina.core.StandardService - Starting service [Tomcat]
2026-06-18 22:49:10.822 [main] INFO  o.a.catalina.core.StandardEngine - Starting Servlet engine: [Apache Tomcat/10.1.50]
2026-06-18 22:49:11.222 [main] INFO  o.a.c.c.C.[Tomcat].[localhost].[/] - Initializing Spring embedded WebApplicationContext
2026-06-18 22:49:11.223 [main] INFO  o.s.b.w.s.c.ServletWebServerApplicationContext - Root WebApplicationContext: initialization completed in 23825 ms
2026-06-18 22:49:12.564 [main] INFO  o.h.jpa.internal.util.LogHelper - HHH000204: Processing PersistenceUnitInfo [name: default]
2026-06-18 22:49:12.728 [main] INFO  org.hibernate.Version - HHH000412: Hibernate ORM core version 6.6.41.Final
2026-06-18 22:49:12.844 [main] INFO  o.h.c.i.RegionFactoryInitiator - HHH000026: Second-level cache disabled
2026-06-18 22:49:13.895 [main] INFO  o.s.o.j.p.SpringPersistenceUnitInfo - No LoadTimeWeaver setup: ignoring JPA class transformer
2026-06-18 22:49:13.989 [main] INFO  com.zaxxer.hikari.HikariDataSource - HikariPool-1 - Starting...
2026-06-18 22:49:20.612 [main] INFO  com.zaxxer.hikari.pool.HikariPool - HikariPool-1 - Added connection org.postgresql.jdbc.PgConnection@3ea1729e
2026-06-18 22:49:20.620 [main] INFO  com.zaxxer.hikari.HikariDataSource - HikariPool-1 - Start completed.
2026-06-18 22:49:24.196 [main] INFO  o.hibernate.orm.connections.pooling - HHH10001005: Database info:
	Database JDBC URL [Connecting through datasource 'HikariDataSource (HikariPool-1)']
	Database driver: undefined/unknown
	Database version: 15.17
	Autocommit mode: undefined/unknown
	Isolation level: undefined/unknown
	Minimum pool size: undefined/unknown
	Maximum pool size: undefined/unknown
2026-06-18 22:49:29.345 [main] INFO  o.h.e.t.j.p.i.JtaPlatformInitiator - HHH000489: No JTA platform available (set 'hibernate.transaction.jta.platform' to enable JTA platform integration)
2026-06-18 22:49:32.249 [main] WARN  o.h.e.jdbc.spi.SqlExceptionHelper - SQL Warning Code: 0, SQLState: 00000
2026-06-18 22:49:32.249 [main] WARN  o.h.e.jdbc.spi.SqlExceptionHelper - constraint "uk781pmjx7kf279uopjhmbwnqhl" of relation "favorites" does not exist, skipping
2026-06-18 22:49:36.557 [main] INFO  o.s.o.j.LocalContainerEntityManagerFactoryBean - Initialized JPA EntityManagerFactory for persistence unit 'default'
2026-06-18 22:49:40.114 [main] INFO  o.s.d.j.r.query.QueryEnhancerFactory - Hibernate is in classpath; If applicable, HQL parser will be used.
2026-06-18 22:49:44.881 [main] INFO  o.s.s.c.a.a.c.InitializeAuthenticationProviderBeanManagerConfigurer$InitializeAuthenticationProviderManagerConfigurer - Global AuthenticationManager configured with AuthenticationProvider bean with name daoAuthenticationProvider
2026-06-18 22:49:44.885 [main] WARN  o.s.s.c.a.a.c.InitializeUserDetailsBeanManagerConfigurer$InitializeUserDetailsManagerConfigurer - Global AuthenticationManager configured with an AuthenticationProvider bean. UserDetailsService beans will not be used by Spring Security for automatically configuring username/password login. Consider removing the AuthenticationProvider bean. Alternatively, consider using the UserDetailsService in a manually instantiated DaoAuthenticationProvider. If the current configuration is intentional, to turn off this warning, increase the logging level of 'org.springframework.security.config.annotation.authentication.configuration.InitializeUserDetailsBeanManagerConfigurer' to ERROR
2026-06-18 22:49:47.565 [main] INFO  o.a.coyote.http11.Http11NioProtocol - Starting ProtocolHandler ["http-nio-8080"]
2026-06-18 22:49:47.628 [main] INFO  o.s.b.w.e.tomcat.TomcatWebServer - Tomcat started on port 8080 (http) with context path '/'
2026-06-18 22:49:47.644 [main] INFO  o.s.a.r.c.CachingConnectionFactory - Attempting to connect to: [localhost:5672]
2026-06-18 22:49:48.301 [main] INFO  o.s.a.r.c.CachingConnectionFactory - Created new connection: rabbitConnectionFactory#1ace122d:0/SimpleConnection@155150c4 [delegate=amqp://admin@127.0.0.1:5672/, localPort=63376]
2026-06-18 22:49:48.571 [main] INFO  c.a.leather.AiatelyeApplication - Started AiatelyeApplication in 63.624 seconds (process running for 68.47)
2026-06-18 23:01:17.742 [http-nio-8080-exec-2] INFO  o.a.c.c.C.[Tomcat].[localhost].[/] - Initializing Spring DispatcherServlet 'dispatcherServlet'
2026-06-18 23:01:17.758 [http-nio-8080-exec-2] INFO  o.s.web.servlet.DispatcherServlet - Initializing Servlet 'dispatcherServlet'
2026-06-18 23:01:17.927 [http-nio-8080-exec-2] INFO  o.s.web.servlet.DispatcherServlet - Completed initialization in 167 ms
2026-06-18 23:01:19.216 [http-nio-8080-exec-4] INFO  c.a.l.c.a.AdminPricingRuleController - GET /api/admin/pricing/rules
2026-06-18 23:01:19.299 [http-nio-8080-exec-5] INFO  c.a.l.c.catalog.ProductController - GET /api/products - page: 0, filter: ProductFilterRequest(modelType=null, search=, page=0, size=12)
2026-06-18 23:01:19.346 [http-nio-8080-exec-4] INFO  c.a.l.s.pricing.PricingRuleService - Fetching pricing rules, activeOnly: false
2026-06-18 23:01:19.348 [http-nio-8080-exec-5] INFO  c.a.l.s.c.ProductCatalogService - Fetching product catalog - page: 0, currency: USD
2026-06-18 23:01:20.689 [http-nio-8080-exec-6] INFO  c.a.l.c.a.AdminPricingRuleController - GET /api/admin/pricing/rules
2026-06-18 23:01:20.690 [http-nio-8080-exec-6] INFO  c.a.l.s.pricing.PricingRuleService - Fetching pricing rules, activeOnly: false
2026-06-18 23:01:21.827 [http-nio-8080-exec-5] INFO  c.a.l.cache.PriceCacheRepository - Price cached: price:product:5:grade:2:AZN
2026-06-18 23:01:21.938 [http-nio-8080-exec-5] INFO  c.a.l.cache.PriceCacheRepository - Price cached: price:product:1:grade:1:AZN
2026-06-18 23:01:22.027 [http-nio-8080-exec-5] INFO  c.a.l.c.ProductCatalogCacheRepository - Initial page cached for USD: 3 products
2026-06-18 23:01:29.005 [http-nio-8080-exec-1] INFO  c.a.l.c.catalog.ProductController - GET /api/products/5/available-leathers
2026-06-18 23:01:29.005 [http-nio-8080-exec-2] INFO  c.a.l.c.catalog.ProductController - GET /api/products/5 - Product detail requested
2026-06-18 23:01:29.014 [http-nio-8080-exec-1] INFO  c.a.l.s.c.ProductCatalogService - Fetching available leathers for product: 5
2026-06-18 23:01:29.023 [http-nio-8080-exec-2] INFO  c.a.l.c.ProductCatalogCacheRepository - Product detail cache hit: product:detail:5:USD
2026-06-18 23:01:29.023 [http-nio-8080-exec-2] INFO  c.a.l.s.c.ProductCatalogService - Cache hit: Returning product 5 for USD
2026-06-18 23:01:29.888 [http-nio-8080-exec-3] INFO  c.a.l.c.catalog.ProductController - GET /api/products/5 - Product detail requested
2026-06-18 23:01:30.153 [http-nio-8080-exec-3] INFO  c.a.l.c.ProductCatalogCacheRepository - Product detail cache hit: product:detail:5:USD
2026-06-18 23:01:30.154 [http-nio-8080-exec-3] INFO  c.a.l.s.c.ProductCatalogService - Cache hit: Returning product 5 for USD
2026-06-18 23:01:30.355 [http-nio-8080-exec-1] INFO  c.a.l.cache.LeatherCacheRepository - Cached 2 leathers for product: 5
2026-06-18 23:01:30.355 [http-nio-8080-exec-1] INFO  c.a.l.s.c.ProductCatalogService - Found and cached 2 leathers for product: 5
2026-06-18 23:01:30.413 [http-nio-8080-exec-4] INFO  c.a.l.c.catalog.ProductController - GET /api/products/5/available-leathers
2026-06-18 23:01:30.414 [http-nio-8080-exec-4] INFO  c.a.l.s.c.ProductCatalogService - Fetching available leathers for product: 5
2026-06-18 23:01:30.514 [http-nio-8080-exec-4] INFO  c.a.l.cache.LeatherCacheRepository - Cache hit for leathers: 5
2026-06-18 23:01:30.523 [http-nio-8080-exec-4] INFO  c.a.l.s.c.ProductCatalogService - Returning cached leathers for product: 5
2026-06-18 23:01:39.397 [http-nio-8080-exec-6] INFO  c.a.l.c.catalog.ProductController - GET /api/products - page: 0, filter: ProductFilterRequest(modelType=null, search=, page=0, size=12)
2026-06-18 23:01:39.402 [http-nio-8080-exec-6] INFO  c.a.l.s.c.ProductCatalogService - Fetching product catalog - page: 0, currency: USD
2026-06-18 23:01:39.435 [http-nio-8080-exec-6] INFO  c.a.l.c.ProductCatalogCacheRepository - Initial page cache hit for USD
2026-06-18 23:01:40.465 [http-nio-8080-exec-7] INFO  c.a.l.c.catalog.ProductController - GET /api/products/1 - Product detail requested
2026-06-18 23:01:40.465 [http-nio-8080-exec-2] INFO  c.a.l.c.catalog.ProductController - GET /api/products/1/available-leathers
2026-06-18 23:01:40.476 [http-nio-8080-exec-2] INFO  c.a.l.s.c.ProductCatalogService - Fetching available leathers for product: 1
2026-06-18 23:01:40.480 [http-nio-8080-exec-7] INFO  c.a.l.c.ProductCatalogCacheRepository - Product detail cache hit: product:detail:1:USD
2026-06-18 23:01:40.481 [http-nio-8080-exec-7] INFO  c.a.l.s.c.ProductCatalogService - Cache hit: Returning product 1 for USD
2026-06-18 23:01:40.498 [http-nio-8080-exec-3] INFO  c.a.l.c.catalog.ProductController - GET /api/products/1 - Product detail requested
2026-06-18 23:01:40.505 [http-nio-8080-exec-3] INFO  c.a.l.c.ProductCatalogCacheRepository - Product detail cache hit: product:detail:1:USD
2026-06-18 23:01:40.505 [http-nio-8080-exec-3] INFO  c.a.l.s.c.ProductCatalogService - Cache hit: Returning product 1 for USD
2026-06-18 23:01:40.574 [http-nio-8080-exec-2] INFO  c.a.l.cache.LeatherCacheRepository - Cached 4 leathers for product: 1
2026-06-18 23:01:40.575 [http-nio-8080-exec-2] INFO  c.a.l.s.c.ProductCatalogService - Found and cached 4 leathers for product: 1
2026-06-18 23:01:40.717 [http-nio-8080-exec-1] INFO  c.a.l.c.catalog.ProductController - GET /api/products/1/available-leathers
2026-06-18 23:01:40.718 [http-nio-8080-exec-1] INFO  c.a.l.s.c.ProductCatalogService - Fetching available leathers for product: 1
2026-06-18 23:01:40.801 [http-nio-8080-exec-1] INFO  c.a.l.cache.LeatherCacheRepository - Cache hit for leathers: 1
2026-06-18 23:01:40.802 [http-nio-8080-exec-1] INFO  c.a.l.s.c.ProductCatalogService - Returning cached leathers for product: 1
2026-06-18 23:04:08.721 [http-nio-8080-exec-8] INFO  c.a.l.c.order.CartController - POST /api/cart/preview - 3 items, currency: USD
2026-06-18 23:04:08.734 [http-nio-8080-exec-8] INFO  c.a.l.s.Order.CartPreviewService - Cart preview requested with 3 items, currency: USD
2026-06-18 23:04:08.905 [http-nio-8080-exec-8] INFO  c.a.l.cache.PriceCacheRepository - Price cached: price:product:1:grade:3:AZN
2026-06-18 23:04:08.908 [http-nio-8080-exec-8] INFO  c.a.l.cache.PriceCacheRepository - Price cached: price:product:1:grade:3:USD
2026-06-18 23:04:08.916 [http-nio-8080-exec-8] INFO  c.a.l.cache.PriceCacheRepository - Price cached: price:product:1:grade:3:EUR
2026-06-18 23:04:08.921 [http-nio-8080-exec-8] INFO  c.a.l.cache.PriceCacheRepository - Price cache hit: price:product:1:grade:3:USD
2026-06-18 23:04:08.940 [http-nio-8080-exec-8] INFO  c.a.l.cache.PriceCacheRepository - Price cached: price:product:5:grade:3:AZN
2026-06-18 23:04:10.871 [http-nio-8080-exec-7] INFO  c.a.l.c.order.CartController - POST /api/cart/preview - 3 items, currency: AZN
2026-06-18 23:04:10.884 [http-nio-8080-exec-9] INFO  c.a.l.c.order.CartController - POST /api/cart/preview - 3 items, currency: AZN
2026-06-18 23:04:10.896 [http-nio-8080-exec-7] INFO  c.a.l.s.Order.CartPreviewService - Cart preview requested with 3 items, currency: AZN
2026-06-18 23:04:10.916 [http-nio-8080-exec-9] INFO  c.a.l.s.Order.CartPreviewService - Cart preview requested with 3 items, currency: AZN
2026-06-18 23:04:10.960 [http-nio-8080-exec-7] INFO  c.a.l.cache.PriceCacheRepository - Price cache hit: price:product:1:grade:3:AZN
2026-06-18 23:04:10.969 [http-nio-8080-exec-7] INFO  c.a.l.cache.PriceCacheRepository - Price cache hit: price:product:1:grade:3:AZN
2026-06-18 23:04:10.972 [http-nio-8080-exec-7] INFO  c.a.l.cache.PriceCacheRepository - Price cache hit: price:product:5:grade:3:AZN
2026-06-18 23:04:10.972 [http-nio-8080-exec-7] WARN  c.a.l.s.Order.CartPreviewService - Price mismatch for product 5: seen=700, current=600.00
2026-06-18 23:04:10.989 [http-nio-8080-exec-9] INFO  c.a.l.cache.PriceCacheRepository - Price cache hit: price:product:1:grade:3:AZN
2026-06-18 23:04:10.991 [http-nio-8080-exec-9] INFO  c.a.l.cache.PriceCacheRepository - Price cache hit: price:product:1:grade:3:AZN
2026-06-18 23:04:10.996 [http-nio-8080-exec-9] INFO  c.a.l.cache.PriceCacheRepository - Price cache hit: price:product:5:grade:3:AZN
2026-06-18 23:04:10.997 [http-nio-8080-exec-9] WARN  c.a.l.s.Order.CartPreviewService - Price mismatch for product 5: seen=700, current=600.00
2026-06-18 23:08:50.757 [http-nio-8080-exec-1] INFO  c.a.l.c.a.AdminPricingRuleController - GET /api/admin/pricing/rules
2026-06-18 23:08:50.820 [http-nio-8080-exec-6] INFO  c.a.l.c.order.CartController - POST /api/cart/preview - 3 items, currency: AZN
2026-06-18 23:08:50.820 [http-nio-8080-exec-4] INFO  c.a.l.c.order.CartController - POST /api/cart/preview - 3 items, currency: AZN
2026-06-18 23:08:50.835 [http-nio-8080-exec-6] INFO  c.a.l.s.Order.CartPreviewService - Cart preview requested with 3 items, currency: AZN
2026-06-18 23:08:50.837 [http-nio-8080-exec-1] INFO  c.a.l.s.pricing.PricingRuleService - Fetching pricing rules, activeOnly: false
2026-06-18 23:08:50.840 [http-nio-8080-exec-4] INFO  c.a.l.s.Order.CartPreviewService - Cart preview requested with 3 items, currency: AZN
2026-06-18 23:08:51.270 [http-nio-8080-exec-10] INFO  c.a.l.c.a.AdminPricingRuleController - GET /api/admin/pricing/rules
2026-06-18 23:08:51.272 [http-nio-8080-exec-10] INFO  c.a.l.s.pricing.PricingRuleService - Fetching pricing rules, activeOnly: false
2026-06-18 23:08:51.464 [http-nio-8080-exec-4] INFO  c.a.l.cache.PriceCacheRepository - Price cache hit: price:product:1:grade:3:AZN
2026-06-18 23:08:51.486 [http-nio-8080-exec-4] INFO  c.a.l.cache.PriceCacheRepository - Price cache hit: price:product:1:grade:3:AZN
2026-06-18 23:08:51.496 [http-nio-8080-exec-4] INFO  c.a.l.cache.PriceCacheRepository - Price cache hit: price:product:5:grade:3:AZN
2026-06-18 23:08:51.497 [http-nio-8080-exec-4] WARN  c.a.l.s.Order.CartPreviewService - Price mismatch for product 5: seen=700, current=600.00
2026-06-18 23:08:51.562 [http-nio-8080-exec-6] INFO  c.a.l.cache.PriceCacheRepository - Price cache hit: price:product:1:grade:3:AZN
2026-06-18 23:08:51.567 [http-nio-8080-exec-6] INFO  c.a.l.cache.PriceCacheRepository - Price cache hit: price:product:1:grade:3:AZN
2026-06-18 23:08:51.574 [http-nio-8080-exec-6] INFO  c.a.l.cache.PriceCacheRepository - Price cache hit: price:product:5:grade:3:AZN
2026-06-18 23:08:51.574 [http-nio-8080-exec-6] WARN  c.a.l.s.Order.CartPreviewService - Price mismatch for product 5: seen=700, current=600.00
2026-06-18 23:16:53.945 [http-nio-8080-exec-3] INFO  c.a.l.c.order.CartController - POST /api/cart/preview - 3 items, currency: USD
2026-06-18 23:16:54.038 [http-nio-8080-exec-3] INFO  c.a.l.s.Order.CartPreviewService - Cart preview requested with 3 items, currency: USD
2026-06-18 23:16:54.660 [http-nio-8080-exec-3] INFO  c.a.l.cache.PriceCacheRepository - Price cache hit: price:product:1:grade:3:USD
2026-06-18 23:16:54.802 [http-nio-8080-exec-3] INFO  c.a.l.cache.PriceCacheRepository - Price cache hit: price:product:1:grade:3:USD
2026-06-18 23:16:55.213 [http-nio-8080-exec-3] INFO  c.a.l.cache.PriceCacheRepository - Price cached: price:product:5:grade:3:AZN
2026-06-18 23:38:32.716 [http-nio-8080-exec-8] INFO  c.a.l.c.a.AdminPricingRuleController - GET /api/admin/pricing/rules
2026-06-18 23:38:32.982 [http-nio-8080-exec-10] INFO  c.a.l.c.order.CartController - POST /api/cart/preview - 3 items, currency: AZN
2026-06-18 23:38:32.983 [http-nio-8080-exec-9] INFO  c.a.l.c.order.CartController - POST /api/cart/preview - 3 items, currency: AZN
2026-06-18 23:38:33.032 [http-nio-8080-exec-8] INFO  c.a.l.s.pricing.PricingRuleService - Fetching pricing rules, activeOnly: false
2026-06-18 23:38:33.032 [http-nio-8080-exec-10] INFO  c.a.l.s.Order.CartPreviewService - Cart preview requested with 3 items, currency: AZN
2026-06-18 23:38:33.032 [http-nio-8080-exec-9] INFO  c.a.l.s.Order.CartPreviewService - Cart preview requested with 3 items, currency: AZN
2026-06-18 23:38:33.402 [http-nio-8080-exec-7] INFO  c.a.l.c.a.AdminPricingRuleController - GET /api/admin/pricing/rules
2026-06-18 23:38:33.403 [http-nio-8080-exec-7] INFO  c.a.l.s.pricing.PricingRuleService - Fetching pricing rules, activeOnly: false
2026-06-18 23:38:33.542 [http-nio-8080-exec-9] INFO  c.a.l.cache.PriceCacheRepository - Price cache hit: price:product:1:grade:3:AZN
2026-06-18 23:38:33.547 [http-nio-8080-exec-10] INFO  c.a.l.cache.PriceCacheRepository - Price cache hit: price:product:1:grade:3:AZN
2026-06-18 23:38:33.553 [http-nio-8080-exec-10] INFO  c.a.l.cache.PriceCacheRepository - Price cache hit: price:product:1:grade:3:AZN
2026-06-18 23:38:33.553 [http-nio-8080-exec-9] INFO  c.a.l.cache.PriceCacheRepository - Price cache hit: price:product:1:grade:3:AZN
2026-06-18 23:38:33.557 [http-nio-8080-exec-9] INFO  c.a.l.cache.PriceCacheRepository - Price cache hit: price:product:5:grade:3:AZN
2026-06-18 23:38:33.559 [http-nio-8080-exec-10] INFO  c.a.l.cache.PriceCacheRepository - Price cache hit: price:product:5:grade:3:AZN
2026-06-18 23:38:33.559 [http-nio-8080-exec-9] WARN  c.a.l.s.Order.CartPreviewService - Price mismatch for product 5: seen=700, current=600.00
2026-06-18 23:38:33.559 [http-nio-8080-exec-10] WARN  c.a.l.s.Order.CartPreviewService - Price mismatch for product 5: seen=700, current=600.00
2026-06-18 23:43:27.882 [http-nio-8080-exec-4] INFO  c.a.l.c.order.CartController - POST /api/cart/preview - 3 items, currency: USD
2026-06-18 23:43:27.924 [http-nio-8080-exec-4] INFO  c.a.l.s.Order.CartPreviewService - Cart preview requested with 3 items, currency: USD
2026-06-18 23:43:28.280 [http-nio-8080-exec-4] INFO  c.a.l.cache.PriceCacheRepository - Price cache hit: price:product:1:grade:3:USD
2026-06-18 23:43:28.286 [http-nio-8080-exec-4] INFO  c.a.l.cache.PriceCacheRepository - Price cache hit: price:product:1:grade:3:USD
2026-06-18 23:43:28.410 [http-nio-8080-exec-4] INFO  c.a.l.cache.PriceCacheRepository - Price cached: price:product:5:grade:3:AZN
2026-06-18 23:48:32.403 [http-nio-8080-exec-8] INFO  c.a.l.c.a.AdminPricingRuleController - GET /api/admin/pricing/rules
2026-06-18 23:48:32.469 [http-nio-8080-exec-7] INFO  c.a.l.c.order.CartController - POST /api/cart/preview - 3 items, currency: USD
2026-06-18 23:48:32.469 [http-nio-8080-exec-10] INFO  c.a.l.c.order.CartController - POST /api/cart/preview - 3 items, currency: USD
2026-06-18 23:48:32.471 [http-nio-8080-exec-8] INFO  c.a.l.s.pricing.PricingRuleService - Fetching pricing rules, activeOnly: false
2026-06-18 23:48:32.485 [http-nio-8080-exec-7] INFO  c.a.l.s.Order.CartPreviewService - Cart preview requested with 3 items, currency: USD
2026-06-18 23:48:32.485 [http-nio-8080-exec-10] INFO  c.a.l.s.Order.CartPreviewService - Cart preview requested with 3 items, currency: USD
2026-06-18 23:48:32.822 [http-nio-8080-exec-9] INFO  c.a.l.c.a.AdminPricingRuleController - GET /api/admin/pricing/rules
2026-06-18 23:48:32.822 [http-nio-8080-exec-9] INFO  c.a.l.s.pricing.PricingRuleService - Fetching pricing rules, activeOnly: false
2026-06-18 23:48:33.154 [http-nio-8080-exec-7] INFO  c.a.l.cache.PriceCacheRepository - Price cache hit: price:product:1:grade:3:USD
2026-06-18 23:48:33.154 [http-nio-8080-exec-10] INFO  c.a.l.cache.PriceCacheRepository - Price cache hit: price:product:1:grade:3:USD
2026-06-18 23:48:33.158 [http-nio-8080-exec-10] INFO  c.a.l.cache.PriceCacheRepository - Price cache hit: price:product:1:grade:3:USD
2026-06-18 23:48:33.158 [http-nio-8080-exec-7] INFO  c.a.l.cache.PriceCacheRepository - Price cache hit: price:product:1:grade:3:USD
2026-06-18 23:48:33.240 [http-nio-8080-exec-7] INFO  c.a.l.cache.PriceCacheRepository - Price cached: price:product:5:grade:3:AZN
2026-06-18 23:48:33.255 [http-nio-8080-exec-10] INFO  c.a.l.cache.PriceCacheRepository - Price cached: price:product:5:grade:3:AZN
2026-06-18 23:54:25.732 [http-nio-8080-exec-4] INFO  c.a.l.c.order.CartController - POST /api/cart/preview - 3 items, currency: AZN
2026-06-18 23:54:25.824 [http-nio-8080-exec-4] INFO  c.a.l.s.Order.CartPreviewService - Cart preview requested with 3 items, currency: AZN
2026-06-18 23:54:26.793 [http-nio-8080-exec-4] INFO  c.a.l.cache.PriceCacheRepository - Price cache hit: price:product:1:grade:3:AZN
2026-06-18 23:54:26.803 [http-nio-8080-exec-4] INFO  c.a.l.cache.PriceCacheRepository - Price cache hit: price:product:1:grade:3:AZN
2026-06-18 23:54:26.818 [http-nio-8080-exec-4] INFO  c.a.l.cache.PriceCacheRepository - Price cache hit: price:product:5:grade:3:AZN
2026-06-18 23:54:26.823 [http-nio-8080-exec-4] WARN  c.a.l.s.Order.CartPreviewService - Price mismatch for product 5: seen=700, current=600.00
2026-06-18 23:54:30.325 [http-nio-8080-exec-5] INFO  c.a.l.c.order.CartController - POST /api/cart/preview - 3 items, currency: USD
2026-06-18 23:54:30.331 [http-nio-8080-exec-5] INFO  c.a.l.s.Order.CartPreviewService - Cart preview requested with 3 items, currency: USD
2026-06-18 23:54:30.383 [http-nio-8080-exec-5] INFO  c.a.l.cache.PriceCacheRepository - Price cache hit: price:product:1:grade:3:USD
2026-06-18 23:54:30.390 [http-nio-8080-exec-5] INFO  c.a.l.cache.PriceCacheRepository - Price cache hit: price:product:1:grade:3:USD
2026-06-18 23:54:30.497 [http-nio-8080-exec-5] INFO  c.a.l.cache.PriceCacheRepository - Price cached: price:product:5:grade:3:AZN
2026-06-18 23:54:42.602 [http-nio-8080-exec-8] INFO  c.a.l.c.order.CartController - POST /api/cart/preview - 3 items, currency: AZN
2026-06-18 23:54:42.646 [http-nio-8080-exec-8] INFO  c.a.l.s.Order.CartPreviewService - Cart preview requested with 3 items, currency: AZN
2026-06-18 23:54:42.741 [http-nio-8080-exec-8] INFO  c.a.l.cache.PriceCacheRepository - Price cache hit: price:product:1:grade:3:AZN
2026-06-18 23:54:42.759 [http-nio-8080-exec-8] INFO  c.a.l.cache.PriceCacheRepository - Price cache hit: price:product:1:grade:3:AZN
2026-06-18 23:54:42.771 [http-nio-8080-exec-8] INFO  c.a.l.cache.PriceCacheRepository - Price cache hit: price:product:5:grade:3:AZN
2026-06-18 23:54:42.771 [http-nio-8080-exec-8] WARN  c.a.l.s.Order.CartPreviewService - Price mismatch for product 5: seen=700, current=600.00
