2026-06-15 22:39:42.362 [background-preinit] INFO  o.h.validator.internal.util.Version - HV000001: Hibernate Validator 8.0.3.Final
2026-06-15 22:39:42.555 [main] INFO  c.a.leather.AiatelyeApplication - Starting AiatelyeApplication using Java 21.0.8 with PID 808 (D:\My_project_Spring\Aiatelye\Aiatelye\build\classes\java\main started by elcin in D:\My_project_Spring\Aiatelye\Aiatelye)
2026-06-15 22:39:42.557 [main] INFO  c.a.leather.AiatelyeApplication - No active profile set, falling back to 1 default profile: "default"
2026-06-15 22:39:47.336 [main] INFO  o.s.d.r.c.RepositoryConfigurationDelegate - Multiple Spring Data modules found, entering strict repository configuration mode
2026-06-15 22:39:47.341 [main] INFO  o.s.d.r.c.RepositoryConfigurationDelegate - Bootstrapping Spring Data JPA repositories in DEFAULT mode.
2026-06-15 22:39:48.240 [main] INFO  o.s.d.r.c.RepositoryConfigurationDelegate - Finished Spring Data repository scanning in 875 ms. Found 14 JPA repository interfaces.
2026-06-15 22:39:48.287 [main] INFO  o.s.d.r.c.RepositoryConfigurationDelegate - Multiple Spring Data modules found, entering strict repository configuration mode
2026-06-15 22:39:48.290 [main] INFO  o.s.d.r.c.RepositoryConfigurationDelegate - Bootstrapping Spring Data Redis repositories in DEFAULT mode.
2026-06-15 22:39:48.373 [main] INFO  o.s.d.r.c.RepositoryConfigurationExtensionSupport - Spring Data Redis - Could not safely identify store assignment for repository candidate interface com.aiatelye.leather.repository.CustomDesignRepository; If you want this repository to be a Redis repository, consider annotating your entities with one of these annotations: org.springframework.data.redis.core.RedisHash (preferred), or consider extending one of the following types with your repository: org.springframework.data.keyvalue.repository.KeyValueRepository
2026-06-15 22:39:48.374 [main] INFO  o.s.d.r.c.RepositoryConfigurationExtensionSupport - Spring Data Redis - Could not safely identify store assignment for repository candidate interface com.aiatelye.leather.repository.LeatherGradeRepository; If you want this repository to be a Redis repository, consider annotating your entities with one of these annotations: org.springframework.data.redis.core.RedisHash (preferred), or consider extending one of the following types with your repository: org.springframework.data.keyvalue.repository.KeyValueRepository
2026-06-15 22:39:48.375 [main] INFO  o.s.d.r.c.RepositoryConfigurationExtensionSupport - Spring Data Redis - Could not safely identify store assignment for repository candidate interface com.aiatelye.leather.repository.LeatherRepository; If you want this repository to be a Redis repository, consider annotating your entities with one of these annotations: org.springframework.data.redis.core.RedisHash (preferred), or consider extending one of the following types with your repository: org.springframework.data.keyvalue.repository.KeyValueRepository
2026-06-15 22:39:48.378 [main] INFO  o.s.d.r.c.RepositoryConfigurationExtensionSupport - Spring Data Redis - Could not safely identify store assignment for repository candidate interface com.aiatelye.leather.repository.OrderItemRepository; If you want this repository to be a Redis repository, consider annotating your entities with one of these annotations: org.springframework.data.redis.core.RedisHash (preferred), or consider extending one of the following types with your repository: org.springframework.data.keyvalue.repository.KeyValueRepository
2026-06-15 22:39:48.378 [main] INFO  o.s.d.r.c.RepositoryConfigurationExtensionSupport - Spring Data Redis - Could not safely identify store assignment for repository candidate interface com.aiatelye.leather.repository.OrderRepository; If you want this repository to be a Redis repository, consider annotating your entities with one of these annotations: org.springframework.data.redis.core.RedisHash (preferred), or consider extending one of the following types with your repository: org.springframework.data.keyvalue.repository.KeyValueRepository
2026-06-15 22:39:48.379 [main] INFO  o.s.d.r.c.RepositoryConfigurationExtensionSupport - Spring Data Redis - Could not safely identify store assignment for repository candidate interface com.aiatelye.leather.repository.PasswordResetTokenRepository; If you want this repository to be a Redis repository, consider annotating your entities with one of these annotations: org.springframework.data.redis.core.RedisHash (preferred), or consider extending one of the following types with your repository: org.springframework.data.keyvalue.repository.KeyValueRepository
2026-06-15 22:39:48.382 [main] INFO  o.s.d.r.c.RepositoryConfigurationExtensionSupport - Spring Data Redis - Could not safely identify store assignment for repository candidate interface com.aiatelye.leather.repository.PricingRuleRepository; If you want this repository to be a Redis repository, consider annotating your entities with one of these annotations: org.springframework.data.redis.core.RedisHash (preferred), or consider extending one of the following types with your repository: org.springframework.data.keyvalue.repository.KeyValueRepository
2026-06-15 22:39:48.390 [main] INFO  o.s.d.r.c.RepositoryConfigurationExtensionSupport - Spring Data Redis - Could not safely identify store assignment for repository candidate interface com.aiatelye.leather.repository.ProductGradePriceRepository; If you want this repository to be a Redis repository, consider annotating your entities with one of these annotations: org.springframework.data.redis.core.RedisHash (preferred), or consider extending one of the following types with your repository: org.springframework.data.keyvalue.repository.KeyValueRepository
2026-06-15 22:39:48.393 [main] INFO  o.s.d.r.c.RepositoryConfigurationExtensionSupport - Spring Data Redis - Could not safely identify store assignment for repository candidate interface com.aiatelye.leather.repository.ProductImageRepository; If you want this repository to be a Redis repository, consider annotating your entities with one of these annotations: org.springframework.data.redis.core.RedisHash (preferred), or consider extending one of the following types with your repository: org.springframework.data.keyvalue.repository.KeyValueRepository
2026-06-15 22:39:48.395 [main] INFO  o.s.d.r.c.RepositoryConfigurationExtensionSupport - Spring Data Redis - Could not safely identify store assignment for repository candidate interface com.aiatelye.leather.repository.ProductModelRepository; If you want this repository to be a Redis repository, consider annotating your entities with one of these annotations: org.springframework.data.redis.core.RedisHash (preferred), or consider extending one of the following types with your repository: org.springframework.data.keyvalue.repository.KeyValueRepository
2026-06-15 22:39:48.395 [main] INFO  o.s.d.r.c.RepositoryConfigurationExtensionSupport - Spring Data Redis - Could not safely identify store assignment for repository candidate interface com.aiatelye.leather.repository.ShippingLocationRepository; If you want this repository to be a Redis repository, consider annotating your entities with one of these annotations: org.springframework.data.redis.core.RedisHash (preferred), or consider extending one of the following types with your repository: org.springframework.data.keyvalue.repository.KeyValueRepository
2026-06-15 22:39:48.397 [main] INFO  o.s.d.r.c.RepositoryConfigurationExtensionSupport - Spring Data Redis - Could not safely identify store assignment for repository candidate interface com.aiatelye.leather.repository.UserLimitRepository; If you want this repository to be a Redis repository, consider annotating your entities with one of these annotations: org.springframework.data.redis.core.RedisHash (preferred), or consider extending one of the following types with your repository: org.springframework.data.keyvalue.repository.KeyValueRepository
2026-06-15 22:39:48.400 [main] INFO  o.s.d.r.c.RepositoryConfigurationExtensionSupport - Spring Data Redis - Could not safely identify store assignment for repository candidate interface com.aiatelye.leather.repository.UserRepository; If you want this repository to be a Redis repository, consider annotating your entities with one of these annotations: org.springframework.data.redis.core.RedisHash (preferred), or consider extending one of the following types with your repository: org.springframework.data.keyvalue.repository.KeyValueRepository
2026-06-15 22:39:48.404 [main] INFO  o.s.d.r.c.RepositoryConfigurationExtensionSupport - Spring Data Redis - Could not safely identify store assignment for repository candidate interface com.aiatelye.leather.Securty.repository.AuthUserRepository; If you want this repository to be a Redis repository, consider annotating your entities with one of these annotations: org.springframework.data.redis.core.RedisHash (preferred), or consider extending one of the following types with your repository: org.springframework.data.keyvalue.repository.KeyValueRepository
2026-06-15 22:39:48.407 [main] INFO  o.s.d.r.c.RepositoryConfigurationDelegate - Finished Spring Data repository scanning in 91 ms. Found 0 Redis repository interfaces.
2026-06-15 22:39:50.031 [main] INFO  o.s.cloud.context.scope.GenericScope - BeanFactory id=930839d3-68bb-3b19-a1cc-69fbabdf9cca
2026-06-15 22:39:51.668 [main] INFO  o.s.b.w.e.tomcat.TomcatWebServer - Tomcat initialized with port 8080 (http)
2026-06-15 22:39:51.739 [main] INFO  o.a.coyote.http11.Http11NioProtocol - Initializing ProtocolHandler ["http-nio-8080"]
2026-06-15 22:39:51.744 [main] INFO  o.a.catalina.core.StandardService - Starting service [Tomcat]
2026-06-15 22:39:51.745 [main] INFO  o.a.catalina.core.StandardEngine - Starting Servlet engine: [Apache Tomcat/10.1.50]
2026-06-15 22:39:52.119 [main] INFO  o.a.c.c.C.[Tomcat].[localhost].[/] - Initializing Spring embedded WebApplicationContext
2026-06-15 22:39:52.120 [main] INFO  o.s.b.w.s.c.ServletWebServerApplicationContext - Root WebApplicationContext: initialization completed in 9409 ms
2026-06-15 22:39:52.906 [main] INFO  o.h.jpa.internal.util.LogHelper - HHH000204: Processing PersistenceUnitInfo [name: default]
2026-06-15 22:39:53.114 [main] INFO  org.hibernate.Version - HHH000412: Hibernate ORM core version 6.6.41.Final
2026-06-15 22:39:53.209 [main] INFO  o.h.c.i.RegionFactoryInitiator - HHH000026: Second-level cache disabled
2026-06-15 22:39:54.812 [main] INFO  o.s.o.j.p.SpringPersistenceUnitInfo - No LoadTimeWeaver setup: ignoring JPA class transformer
2026-06-15 22:39:54.891 [main] INFO  com.zaxxer.hikari.HikariDataSource - HikariPool-1 - Starting...
2026-06-15 22:39:55.358 [main] INFO  com.zaxxer.hikari.pool.HikariPool - HikariPool-1 - Added connection org.postgresql.jdbc.PgConnection@57f83c82
2026-06-15 22:39:55.363 [main] INFO  com.zaxxer.hikari.HikariDataSource - HikariPool-1 - Start completed.
2026-06-15 22:39:55.627 [main] INFO  o.hibernate.orm.connections.pooling - HHH10001005: Database info:
	Database JDBC URL [Connecting through datasource 'HikariDataSource (HikariPool-1)']
	Database driver: undefined/unknown
	Database version: 15.17
	Autocommit mode: undefined/unknown
	Isolation level: undefined/unknown
	Minimum pool size: undefined/unknown
	Maximum pool size: undefined/unknown
2026-06-15 22:39:59.750 [main] INFO  o.h.e.t.j.p.i.JtaPlatformInitiator - HHH000489: No JTA platform available (set 'hibernate.transaction.jta.platform' to enable JTA platform integration)
2026-06-15 22:40:00.273 [main] WARN  o.h.e.jdbc.spi.SqlExceptionHelper - SQL Warning Code: 0, SQLState: 00000
2026-06-15 22:40:00.273 [main] WARN  o.h.e.jdbc.spi.SqlExceptionHelper - constraint "uk781pmjx7kf279uopjhmbwnqhl" of relation "favorites" does not exist, skipping
2026-06-15 22:40:01.054 [main] INFO  o.s.o.j.LocalContainerEntityManagerFactoryBean - Initialized JPA EntityManagerFactory for persistence unit 'default'
2026-06-15 22:40:03.243 [main] INFO  o.s.d.j.r.query.QueryEnhancerFactory - Hibernate is in classpath; If applicable, HQL parser will be used.
2026-06-15 22:40:07.582 [main] INFO  o.s.s.c.a.a.c.InitializeAuthenticationProviderBeanManagerConfigurer$InitializeAuthenticationProviderManagerConfigurer - Global AuthenticationManager configured with AuthenticationProvider bean with name daoAuthenticationProvider
2026-06-15 22:40:07.583 [main] WARN  o.s.s.c.a.a.c.InitializeUserDetailsBeanManagerConfigurer$InitializeUserDetailsManagerConfigurer - Global AuthenticationManager configured with an AuthenticationProvider bean. UserDetailsService beans will not be used by Spring Security for automatically configuring username/password login. Consider removing the AuthenticationProvider bean. Alternatively, consider using the UserDetailsService in a manually instantiated DaoAuthenticationProvider. If the current configuration is intentional, to turn off this warning, increase the logging level of 'org.springframework.security.config.annotation.authentication.configuration.InitializeUserDetailsBeanManagerConfigurer' to ERROR
2026-06-15 22:40:08.701 [main] INFO  o.a.coyote.http11.Http11NioProtocol - Starting ProtocolHandler ["http-nio-8080"]
2026-06-15 22:40:08.742 [main] INFO  o.s.b.w.e.tomcat.TomcatWebServer - Tomcat started on port 8080 (http) with context path '/'
2026-06-15 22:40:08.760 [main] INFO  o.s.a.r.c.CachingConnectionFactory - Attempting to connect to: [localhost:5672]
2026-06-15 22:40:09.520 [main] INFO  o.s.a.r.c.CachingConnectionFactory - Created new connection: rabbitConnectionFactory#5d7325f3:0/SimpleConnection@6da05858 [delegate=amqp://admin@127.0.0.1:5672/, localPort=50638]
2026-06-15 22:40:10.550 [main] INFO  c.a.leather.AiatelyeApplication - Started AiatelyeApplication in 31.675 seconds (process running for 37.907)
2026-06-15 22:41:58.082 [http-nio-8080-exec-3] INFO  o.a.c.c.C.[Tomcat].[localhost].[/] - Initializing Spring DispatcherServlet 'dispatcherServlet'
2026-06-15 22:41:58.096 [http-nio-8080-exec-3] INFO  o.s.web.servlet.DispatcherServlet - Initializing Servlet 'dispatcherServlet'
2026-06-15 22:41:58.252 [http-nio-8080-exec-3] INFO  o.s.web.servlet.DispatcherServlet - Completed initialization in 154 ms
2026-06-15 22:41:59.376 [http-nio-8080-exec-4] INFO  c.a.l.c.catalog.ProductController - GET /api/products - page: 0, filter: ProductFilterRequest(modelType=null, search=, page=0, size=12)
2026-06-15 22:41:59.482 [http-nio-8080-exec-4] INFO  c.a.l.s.c.ProductCatalogService - Fetching product catalog - page: 0, currency: USD
2026-06-15 22:42:06.266 [http-nio-8080-exec-4] INFO  c.a.l.cache.PriceCacheRepository - Price cached: price:product:5:grade:2:AZN
2026-06-15 22:42:06.318 [http-nio-8080-exec-4] INFO  c.a.l.cache.PriceCacheRepository - Price cached: price:product:1:grade:1:AZN
2026-06-15 22:42:06.515 [http-nio-8080-exec-4] INFO  c.a.l.c.ProductCatalogCacheRepository - Initial page cached for USD: 3 products
2026-06-15 22:42:58.891 [http-nio-8080-exec-7] INFO  c.a.l.c.catalog.ProductController - GET /api/products/3 - Product detail requested
2026-06-15 22:42:58.891 [http-nio-8080-exec-8] INFO  c.a.l.c.catalog.ProductController - GET /api/products/3/available-leathers
2026-06-15 22:42:58.900 [http-nio-8080-exec-8] INFO  c.a.l.s.c.ProductCatalogService - Fetching available leathers for product: 3
2026-06-15 22:42:58.952 [http-nio-8080-exec-7] INFO  c.a.l.c.ProductCatalogCacheRepository - Product detail cached with key: product:detail:3:USD
2026-06-15 22:42:58.971 [http-nio-8080-exec-10] INFO  c.a.l.c.catalog.ProductController - GET /api/products/3 - Product detail requested
2026-06-15 22:42:58.981 [http-nio-8080-exec-10] INFO  c.a.l.c.ProductCatalogCacheRepository - Product detail cache hit: product:detail:3:USD
2026-06-15 22:42:58.984 [http-nio-8080-exec-10] INFO  c.a.l.s.c.ProductCatalogService - Cache hit: Returning product 3 for USD
2026-06-15 22:42:59.130 [http-nio-8080-exec-8] WARN  c.a.l.s.c.ProductCatalogService - No leathers found for product: 3. Skipping cache to prevent empty cache pollution.
2026-06-15 22:42:59.145 [http-nio-8080-exec-9] INFO  c.a.l.c.catalog.ProductController - GET /api/products/3/available-leathers
2026-06-15 22:42:59.146 [http-nio-8080-exec-9] INFO  c.a.l.s.c.ProductCatalogService - Fetching available leathers for product: 3
2026-06-15 22:42:59.178 [http-nio-8080-exec-9] WARN  c.a.l.s.c.ProductCatalogService - No leathers found for product: 3. Skipping cache to prevent empty cache pollution.
2026-06-15 22:43:01.519 [http-nio-8080-exec-1] INFO  c.a.l.c.catalog.ProductController - GET /api/products - page: 0, filter: ProductFilterRequest(modelType=null, search=, page=0, size=12)
2026-06-15 22:43:01.526 [http-nio-8080-exec-1] INFO  c.a.l.s.c.ProductCatalogService - Fetching product catalog - page: 0, currency: USD
2026-06-15 22:43:01.564 [http-nio-8080-exec-1] INFO  c.a.l.c.ProductCatalogCacheRepository - Initial page cache hit for USD
2026-06-15 22:43:02.427 [http-nio-8080-exec-5] INFO  c.a.l.c.catalog.ProductController - GET /api/products/1/available-leathers
2026-06-15 22:43:02.432 [http-nio-8080-exec-2] INFO  c.a.l.c.catalog.ProductController - GET /api/products/1 - Product detail requested
2026-06-15 22:43:02.832 [http-nio-8080-exec-5] INFO  c.a.l.s.c.ProductCatalogService - Fetching available leathers for product: 1
2026-06-15 22:43:02.942 [http-nio-8080-exec-5] INFO  c.a.l.cache.LeatherCacheRepository - Cached 4 leathers for product: 1
2026-06-15 22:43:02.942 [http-nio-8080-exec-5] INFO  c.a.l.s.c.ProductCatalogService - Found and cached 4 leathers for product: 1
2026-06-15 22:43:02.944 [http-nio-8080-exec-2] INFO  c.a.l.cache.PriceCacheRepository - Price cached: price:product:1:grade:3:AZN
2026-06-15 22:43:02.959 [http-nio-8080-exec-6] INFO  c.a.l.c.catalog.ProductController - GET /api/products/1/available-leathers
2026-06-15 22:43:02.959 [http-nio-8080-exec-6] INFO  c.a.l.s.c.ProductCatalogService - Fetching available leathers for product: 1
2026-06-15 22:43:02.964 [http-nio-8080-exec-2] INFO  c.a.l.cache.PriceCacheRepository - Price cached: price:product:1:grade:3:USD
2026-06-15 22:43:02.965 [http-nio-8080-exec-6] INFO  c.a.l.cache.LeatherCacheRepository - Cache hit for leathers: 1
2026-06-15 22:43:02.972 [http-nio-8080-exec-6] INFO  c.a.l.s.c.ProductCatalogService - Returning cached leathers for product: 1
2026-06-15 22:43:02.978 [http-nio-8080-exec-2] INFO  c.a.l.cache.PriceCacheRepository - Price cached: price:product:1:grade:3:EUR
2026-06-15 22:43:03.030 [http-nio-8080-exec-2] INFO  c.a.l.cache.PriceCacheRepository - Price cached: price:product:1:grade:1:AZN
2026-06-15 22:43:03.053 [http-nio-8080-exec-2] INFO  c.a.l.c.ProductCatalogCacheRepository - Product detail cached with key: product:detail:1:USD
2026-06-15 22:43:03.099 [http-nio-8080-exec-4] INFO  c.a.l.c.catalog.ProductController - GET /api/products/1 - Product detail requested
2026-06-15 22:43:03.114 [http-nio-8080-exec-4] INFO  c.a.l.c.ProductCatalogCacheRepository - Product detail cache hit: product:detail:1:USD
2026-06-15 22:43:03.115 [http-nio-8080-exec-4] INFO  c.a.l.s.c.ProductCatalogService - Cache hit: Returning product 1 for USD
2026-06-15 22:43:05.604 [http-nio-8080-exec-10] INFO  c.a.l.c.order.CartController - POST /api/cart/preview - 2 items, currency: USD
2026-06-15 22:43:05.610 [http-nio-8080-exec-10] INFO  c.a.l.s.Order.CartPreviewService - Cart preview requested with 2 items, currency: USD
2026-06-15 22:43:05.678 [http-nio-8080-exec-10] INFO  c.a.l.cache.PriceCacheRepository - Price cached: price:product:1:grade:1:AZN
2026-06-15 22:43:05.680 [http-nio-8080-exec-10] INFO  c.a.l.cache.PriceCacheRepository - Price cache hit: price:product:1:grade:3:USD
2026-06-15 22:43:07.711 [http-nio-8080-exec-9] INFO  c.a.l.c.order.CartController - POST /api/cart/preview - 2 items, currency: AZN
2026-06-15 22:43:07.710 [http-nio-8080-exec-8] INFO  c.a.l.c.order.CartController - POST /api/cart/preview - 2 items, currency: AZN
2026-06-15 22:43:07.720 [http-nio-8080-exec-8] INFO  c.a.l.s.Order.CartPreviewService - Cart preview requested with 2 items, currency: AZN
2026-06-15 22:43:07.729 [http-nio-8080-exec-9] INFO  c.a.l.s.Order.CartPreviewService - Cart preview requested with 2 items, currency: AZN
2026-06-15 22:43:07.801 [http-nio-8080-exec-8] INFO  c.a.l.cache.PriceCacheRepository - Price cache hit: price:product:1:grade:1:AZN
2026-06-15 22:43:07.810 [http-nio-8080-exec-8] INFO  c.a.l.cache.PriceCacheRepository - Price cache hit: price:product:1:grade:3:AZN
2026-06-15 22:43:07.810 [http-nio-8080-exec-9] INFO  c.a.l.cache.PriceCacheRepository - Price cache hit: price:product:1:grade:1:AZN
2026-06-15 22:43:07.811 [http-nio-8080-exec-8] WARN  c.a.l.s.Order.CartPreviewService - Price mismatch for product 1: seen=71, current=50.00
2026-06-15 22:43:07.814 [http-nio-8080-exec-9] INFO  c.a.l.cache.PriceCacheRepository - Price cache hit: price:product:1:grade:3:AZN
2026-06-15 22:43:07.814 [http-nio-8080-exec-9] WARN  c.a.l.s.Order.CartPreviewService - Price mismatch for product 1: seen=71, current=50.00
2026-06-15 22:43:12.606 [http-nio-8080-exec-3] INFO  c.a.l.c.order.CartController - POST /api/cart/preview - 2 items, currency: USD
2026-06-15 22:43:12.991 [http-nio-8080-exec-3] INFO  c.a.l.s.Order.CartPreviewService - Cart preview requested with 2 items, currency: USD
2026-06-15 22:43:13.846 [http-nio-8080-exec-3] INFO  c.a.l.cache.PriceCacheRepository - Price cached: price:product:1:grade:1:AZN
2026-06-15 22:43:13.857 [http-nio-8080-exec-3] INFO  c.a.l.cache.PriceCacheRepository - Price cache hit: price:product:1:grade:3:USD
2026-06-15 22:43:19.207 [http-nio-8080-exec-1] INFO  c.a.l.c.order.CartController - POST /api/cart/preview - 2 items, currency: EUR
2026-06-15 22:43:19.214 [http-nio-8080-exec-1] INFO  c.a.l.s.Order.CartPreviewService - Cart preview requested with 2 items, currency: EUR
2026-06-15 22:43:19.261 [http-nio-8080-exec-1] INFO  c.a.l.cache.PriceCacheRepository - Price cached: price:product:1:grade:1:AZN
2026-06-15 22:43:19.264 [http-nio-8080-exec-1] INFO  c.a.l.cache.PriceCacheRepository - Price cache hit: price:product:1:grade:3:EUR
2026-06-15 22:43:19.264 [http-nio-8080-exec-1] WARN  c.a.l.s.Order.CartPreviewService - Price mismatch for product 1: seen=71, current=50.00
2026-06-15 22:43:26.675 [http-nio-8080-exec-5] INFO  c.a.l.c.order.CartController - POST /api/cart/preview - 2 items, currency: USD
2026-06-15 22:43:26.682 [http-nio-8080-exec-5] INFO  c.a.l.s.Order.CartPreviewService - Cart preview requested with 2 items, currency: USD
2026-06-15 22:43:26.753 [http-nio-8080-exec-5] INFO  c.a.l.cache.PriceCacheRepository - Price cached: price:product:1:grade:1:AZN
2026-06-15 22:43:26.759 [http-nio-8080-exec-5] INFO  c.a.l.cache.PriceCacheRepository - Price cache hit: price:product:1:grade:3:USD
2026-06-15 22:43:32.069 [http-nio-8080-exec-6] INFO  c.a.l.c.order.CartController - POST /api/cart/preview - 2 items, currency: AZN
2026-06-15 22:43:32.077 [http-nio-8080-exec-6] INFO  c.a.l.s.Order.CartPreviewService - Cart preview requested with 2 items, currency: AZN
2026-06-15 22:43:32.148 [http-nio-8080-exec-6] INFO  c.a.l.cache.PriceCacheRepository - Price cache hit: price:product:1:grade:1:AZN
2026-06-15 22:43:32.167 [http-nio-8080-exec-6] INFO  c.a.l.cache.PriceCacheRepository - Price cache hit: price:product:1:grade:3:AZN
2026-06-15 22:43:32.167 [http-nio-8080-exec-6] WARN  c.a.l.s.Order.CartPreviewService - Price mismatch for product 1: seen=71, current=50.00
2026-06-15 22:43:45.345 [http-nio-8080-exec-2] INFO  c.a.l.c.order.CartController - POST /api/cart/preview - 2 items, currency: USD
2026-06-15 22:43:45.378 [http-nio-8080-exec-2] INFO  c.a.l.s.Order.CartPreviewService - Cart preview requested with 2 items, currency: USD
2026-06-15 22:43:45.465 [http-nio-8080-exec-2] INFO  c.a.l.cache.PriceCacheRepository - Price cached: price:product:1:grade:1:AZN
2026-06-15 22:43:45.495 [http-nio-8080-exec-2] INFO  c.a.l.cache.PriceCacheRepository - Price cache hit: price:product:1:grade:3:USD
2026-06-15 22:44:03.825 [http-nio-8080-exec-4] INFO  c.a.l.c.order.CartController - POST /api/cart/preview - 2 items, currency: AZN
2026-06-15 22:44:03.831 [http-nio-8080-exec-4] INFO  c.a.l.s.Order.CartPreviewService - Cart preview requested with 2 items, currency: AZN
2026-06-15 22:44:03.860 [http-nio-8080-exec-4] INFO  c.a.l.cache.PriceCacheRepository - Price cache hit: price:product:1:grade:1:AZN
2026-06-15 22:44:03.864 [http-nio-8080-exec-4] INFO  c.a.l.cache.PriceCacheRepository - Price cache hit: price:product:1:grade:3:AZN
2026-06-15 22:44:03.865 [http-nio-8080-exec-4] WARN  c.a.l.s.Order.CartPreviewService - Price mismatch for product 1: seen=71, current=50.00
2026-06-15 22:44:12.378 [http-nio-8080-exec-10] INFO  c.a.l.c.order.CartController - POST /api/cart/preview - 2 items, currency: EUR
2026-06-15 22:44:12.383 [http-nio-8080-exec-10] INFO  c.a.l.s.Order.CartPreviewService - Cart preview requested with 2 items, currency: EUR
2026-06-15 22:44:12.448 [http-nio-8080-exec-10] INFO  c.a.l.cache.PriceCacheRepository - Price cached: price:product:1:grade:1:AZN
2026-06-15 22:44:12.452 [http-nio-8080-exec-10] INFO  c.a.l.cache.PriceCacheRepository - Price cache hit: price:product:1:grade:3:EUR
2026-06-15 22:44:12.452 [http-nio-8080-exec-10] WARN  c.a.l.s.Order.CartPreviewService - Price mismatch for product 1: seen=71, current=50.00
2026-06-15 22:44:18.017 [http-nio-8080-exec-8] INFO  c.a.l.c.order.CartController - POST /api/cart/preview - 2 items, currency: USD
2026-06-15 22:44:18.020 [http-nio-8080-exec-8] INFO  c.a.l.s.Order.CartPreviewService - Cart preview requested with 2 items, currency: USD
2026-06-15 22:44:18.082 [http-nio-8080-exec-8] INFO  c.a.l.cache.PriceCacheRepository - Price cached: price:product:1:grade:1:AZN
2026-06-15 22:44:18.085 [http-nio-8080-exec-8] INFO  c.a.l.cache.PriceCacheRepository - Price cache hit: price:product:1:grade:3:USD
2026-06-15 22:44:39.401 [http-nio-8080-exec-9] INFO  c.a.l.c.order.CartController - POST /api/cart/preview - 2 items, currency: AZN
2026-06-15 22:44:39.415 [http-nio-8080-exec-9] INFO  c.a.l.s.Order.CartPreviewService - Cart preview requested with 2 items, currency: AZN
2026-06-15 22:44:39.454 [http-nio-8080-exec-9] INFO  c.a.l.cache.PriceCacheRepository - Price cache hit: price:product:1:grade:1:AZN
2026-06-15 22:44:39.460 [http-nio-8080-exec-9] INFO  c.a.l.cache.PriceCacheRepository - Price cache hit: price:product:1:grade:3:AZN
2026-06-15 22:44:39.461 [http-nio-8080-exec-9] WARN  c.a.l.s.Order.CartPreviewService - Price mismatch for product 1: seen=71, current=50.00
2026-06-15 22:44:47.768 [http-nio-8080-exec-3] INFO  c.a.l.c.order.CartController - POST /api/cart/preview - 2 items, currency: EUR
2026-06-15 22:44:47.772 [http-nio-8080-exec-3] INFO  c.a.l.s.Order.CartPreviewService - Cart preview requested with 2 items, currency: EUR
2026-06-15 22:44:47.813 [http-nio-8080-exec-3] INFO  c.a.l.cache.PriceCacheRepository - Price cached: price:product:1:grade:1:AZN
2026-06-15 22:44:47.816 [http-nio-8080-exec-3] INFO  c.a.l.cache.PriceCacheRepository - Price cache hit: price:product:1:grade:3:EUR
2026-06-15 22:44:47.816 [http-nio-8080-exec-3] WARN  c.a.l.s.Order.CartPreviewService - Price mismatch for product 1: seen=71, current=50.00
2026-06-15 22:45:04.274 [http-nio-8080-exec-1] INFO  c.a.l.c.order.CartController - POST /api/cart/preview - 2 items, currency: AZN
2026-06-15 22:45:04.282 [http-nio-8080-exec-1] INFO  c.a.l.s.Order.CartPreviewService - Cart preview requested with 2 items, currency: AZN
2026-06-15 22:45:04.311 [http-nio-8080-exec-1] INFO  c.a.l.cache.PriceCacheRepository - Price cache hit: price:product:1:grade:1:AZN
2026-06-15 22:45:04.314 [http-nio-8080-exec-1] INFO  c.a.l.cache.PriceCacheRepository - Price cache hit: price:product:1:grade:3:AZN
2026-06-15 22:45:04.315 [http-nio-8080-exec-1] WARN  c.a.l.s.Order.CartPreviewService - Price mismatch for product 1: seen=71, current=50.00
2026-06-15 22:45:09.454 [http-nio-8080-exec-5] INFO  c.a.l.c.order.CartController - POST /api/cart/preview - 2 items, currency: USD
2026-06-15 22:45:09.589 [http-nio-8080-exec-5] INFO  c.a.l.s.Order.CartPreviewService - Cart preview requested with 2 items, currency: USD
2026-06-15 22:45:09.810 [http-nio-8080-exec-5] INFO  c.a.l.cache.PriceCacheRepository - Price cached: price:product:1:grade:1:AZN
2026-06-15 22:45:09.822 [http-nio-8080-exec-5] INFO  c.a.l.cache.PriceCacheRepository - Price cache hit: price:product:1:grade:3:USD
2026-06-15 22:45:42.776 [http-nio-8080-exec-6] INFO  c.a.l.c.order.CartController - POST /api/cart/preview - 2 items, currency: AZN
2026-06-15 22:45:42.830 [http-nio-8080-exec-6] INFO  c.a.l.s.Order.CartPreviewService - Cart preview requested with 2 items, currency: AZN
2026-06-15 22:45:43.493 [http-nio-8080-exec-6] INFO  c.a.l.cache.PriceCacheRepository - Price cache hit: price:product:1:grade:1:AZN
2026-06-15 22:45:43.525 [http-nio-8080-exec-6] INFO  c.a.l.cache.PriceCacheRepository - Price cache hit: price:product:1:grade:3:AZN
2026-06-15 22:45:43.525 [http-nio-8080-exec-6] WARN  c.a.l.s.Order.CartPreviewService - Price mismatch for product 1: seen=71, current=50.00
2026-06-15 22:48:44.610 [http-nio-8080-exec-4] INFO  c.a.l.c.order.CartController - POST /api/cart/preview - 2 items, currency: USD
2026-06-15 22:48:44.698 [http-nio-8080-exec-4] INFO  c.a.l.s.Order.CartPreviewService - Cart preview requested with 2 items, currency: USD
2026-06-15 22:48:44.914 [http-nio-8080-exec-4] INFO  c.a.l.cache.PriceCacheRepository - Price cached: price:product:1:grade:1:AZN
2026-06-15 22:48:44.922 [http-nio-8080-exec-4] INFO  c.a.l.cache.PriceCacheRepository - Price cache hit: price:product:1:grade:3:USD
2026-06-15 22:48:57.324 [http-nio-8080-exec-7] INFO  c.a.l.c.order.CartController - POST /api/cart/preview - 2 items, currency: EUR
2026-06-15 22:48:57.327 [http-nio-8080-exec-7] INFO  c.a.l.s.Order.CartPreviewService - Cart preview requested with 2 items, currency: EUR
2026-06-15 22:48:57.372 [http-nio-8080-exec-7] INFO  c.a.l.cache.PriceCacheRepository - Price cached: price:product:1:grade:1:AZN
2026-06-15 22:48:57.377 [http-nio-8080-exec-7] INFO  c.a.l.cache.PriceCacheRepository - Price cache hit: price:product:1:grade:3:EUR
2026-06-15 22:48:57.378 [http-nio-8080-exec-7] WARN  c.a.l.s.Order.CartPreviewService - Price mismatch for product 1: seen=71, current=50.00
2026-06-15 22:50:30.242 [http-nio-8080-exec-8] INFO  c.a.l.c.order.CartController - POST /api/cart/preview - 2 items, currency: USD
2026-06-15 22:50:30.264 [http-nio-8080-exec-8] INFO  c.a.l.s.Order.CartPreviewService - Cart preview requested with 2 items, currency: USD
2026-06-15 22:50:30.329 [http-nio-8080-exec-8] INFO  c.a.l.cache.PriceCacheRepository - Price cached: price:product:1:grade:1:AZN
2026-06-15 22:50:30.332 [http-nio-8080-exec-8] INFO  c.a.l.cache.PriceCacheRepository - Price cache hit: price:product:1:grade:3:USD
2026-06-15 22:50:38.374 [http-nio-8080-exec-9] INFO  c.a.l.c.order.CartController - POST /api/cart/preview - 2 items, currency: EUR
2026-06-15 22:50:38.377 [http-nio-8080-exec-9] INFO  c.a.l.s.Order.CartPreviewService - Cart preview requested with 2 items, currency: EUR
2026-06-15 22:50:38.412 [http-nio-8080-exec-9] INFO  c.a.l.cache.PriceCacheRepository - Price cached: price:product:1:grade:1:AZN
2026-06-15 22:50:38.415 [http-nio-8080-exec-9] INFO  c.a.l.cache.PriceCacheRepository - Price cache hit: price:product:1:grade:3:EUR
2026-06-15 22:50:38.415 [http-nio-8080-exec-9] WARN  c.a.l.s.Order.CartPreviewService - Price mismatch for product 1: seen=71, current=50.00
2026-06-15 22:51:53.279 [http-nio-8080-exec-1] INFO  c.a.l.c.order.CartController - POST /api/cart/preview - 2 items, currency: AZN
2026-06-15 22:51:53.327 [http-nio-8080-exec-1] INFO  c.a.l.s.Order.CartPreviewService - Cart preview requested with 2 items, currency: AZN
2026-06-15 22:51:53.594 [http-nio-8080-exec-1] INFO  c.a.l.cache.PriceCacheRepository - Price cache hit: price:product:1:grade:1:AZN
2026-06-15 22:51:53.611 [http-nio-8080-exec-1] INFO  c.a.l.cache.PriceCacheRepository - Price cache hit: price:product:1:grade:3:AZN
2026-06-15 22:51:53.611 [http-nio-8080-exec-1] WARN  c.a.l.s.Order.CartPreviewService - Price mismatch for product 1: seen=71, current=50.00
2026-06-15 23:17:25.698 [HikariPool-1:housekeeper] WARN  com.zaxxer.hikari.pool.HikariPool - HikariPool-1 - Thread starvation or clock leap detected (housekeeper delta=9m29s941ms46µs100ns).
2026-06-15 23:18:34.894 [http-nio-8080-exec-4] INFO  c.a.l.c.catalog.ProductController - GET /api/products/1 - Product detail requested
2026-06-15 23:18:34.896 [http-nio-8080-exec-7] INFO  c.a.l.c.catalog.ProductController - GET /api/products/1/available-leathers
2026-06-15 23:18:35.024 [http-nio-8080-exec-7] INFO  c.a.l.s.c.ProductCatalogService - Fetching available leathers for product: 1
2026-06-15 23:18:35.145 [http-nio-8080-exec-4] INFO  c.a.l.c.ProductCatalogCacheRepository - Product detail cache hit: product:detail:1:USD
2026-06-15 23:18:35.146 [http-nio-8080-exec-4] INFO  c.a.l.s.c.ProductCatalogService - Cache hit: Returning product 1 for USD
2026-06-15 23:18:35.275 [http-nio-8080-exec-4] INFO  c.a.l.c.catalog.ProductController - GET /api/products/1 - Product detail requested
2026-06-15 23:18:35.294 [http-nio-8080-exec-4] INFO  c.a.l.c.ProductCatalogCacheRepository - Product detail cache hit: product:detail:1:USD
2026-06-15 23:18:35.296 [http-nio-8080-exec-4] INFO  c.a.l.s.c.ProductCatalogService - Cache hit: Returning product 1 for USD
2026-06-15 23:18:36.067 [http-nio-8080-exec-7] INFO  c.a.l.cache.LeatherCacheRepository - Cached 4 leathers for product: 1
2026-06-15 23:18:36.068 [http-nio-8080-exec-7] INFO  c.a.l.s.c.ProductCatalogService - Found and cached 4 leathers for product: 1
2026-06-15 23:18:36.130 [http-nio-8080-exec-8] INFO  c.a.l.c.catalog.ProductController - GET /api/products/1/available-leathers
2026-06-15 23:18:36.130 [http-nio-8080-exec-8] INFO  c.a.l.s.c.ProductCatalogService - Fetching available leathers for product: 1
2026-06-15 23:18:36.174 [http-nio-8080-exec-8] INFO  c.a.l.cache.LeatherCacheRepository - Cache hit for leathers: 1
2026-06-15 23:18:36.177 [http-nio-8080-exec-8] INFO  c.a.l.s.c.ProductCatalogService - Returning cached leathers for product: 1
2026-06-15 23:18:38.655 [http-nio-8080-exec-3] INFO  c.a.l.c.order.CartController - POST /api/cart/preview - 2 items, currency: USD
2026-06-15 23:18:38.757 [http-nio-8080-exec-3] INFO  c.a.l.s.Order.CartPreviewService - Cart preview requested with 2 items, currency: USD
2026-06-15 23:18:39.125 [http-nio-8080-exec-3] INFO  c.a.l.cache.PriceCacheRepository - Price cached: price:product:1:grade:1:AZN
2026-06-15 23:18:39.246 [http-nio-8080-exec-3] INFO  c.a.l.cache.PriceCacheRepository - Price cache hit: price:product:1:grade:3:USD
2026-06-15 23:24:28.169 [http-nio-8080-exec-9] INFO  c.a.l.c.order.CartController - POST /api/cart/preview - 2 items, currency: AZN
2026-06-15 23:24:28.170 [http-nio-8080-exec-8] INFO  c.a.l.c.order.CartController - POST /api/cart/preview - 2 items, currency: AZN
2026-06-15 23:24:28.189 [http-nio-8080-exec-9] INFO  c.a.l.s.Order.CartPreviewService - Cart preview requested with 2 items, currency: AZN
2026-06-15 23:24:28.204 [http-nio-8080-exec-8] INFO  c.a.l.s.Order.CartPreviewService - Cart preview requested with 2 items, currency: AZN
2026-06-15 23:24:28.473 [http-nio-8080-exec-9] INFO  c.a.l.cache.PriceCacheRepository - Price cache hit: price:product:1:grade:1:AZN
2026-06-15 23:24:28.489 [http-nio-8080-exec-9] INFO  c.a.l.cache.PriceCacheRepository - Price cache hit: price:product:1:grade:3:AZN
2026-06-15 23:24:28.489 [http-nio-8080-exec-9] WARN  c.a.l.s.Order.CartPreviewService - Price mismatch for product 1: seen=71, current=50.00
2026-06-15 23:24:28.520 [http-nio-8080-exec-8] INFO  c.a.l.cache.PriceCacheRepository - Price cache hit: price:product:1:grade:1:AZN
2026-06-15 23:24:28.524 [http-nio-8080-exec-8] INFO  c.a.l.cache.PriceCacheRepository - Price cache hit: price:product:1:grade:3:AZN
2026-06-15 23:24:28.524 [http-nio-8080-exec-8] WARN  c.a.l.s.Order.CartPreviewService - Price mismatch for product 1: seen=71, current=50.00
2026-06-15 23:24:36.273 [http-nio-8080-exec-3] INFO  c.a.l.c.order.CartController - POST /api/cart/preview - 2 items, currency: USD
2026-06-15 23:24:36.278 [http-nio-8080-exec-3] INFO  c.a.l.s.Order.CartPreviewService - Cart preview requested with 2 items, currency: USD
2026-06-15 23:24:36.350 [http-nio-8080-exec-3] INFO  c.a.l.cache.PriceCacheRepository - Price cached: price:product:1:grade:1:AZN
2026-06-15 23:24:36.353 [http-nio-8080-exec-3] INFO  c.a.l.cache.PriceCacheRepository - Price cache hit: price:product:1:grade:3:USD
2026-06-15 23:24:44.222 [http-nio-8080-exec-5] INFO  c.a.l.c.order.CartController - POST /api/cart/preview - 2 items, currency: EUR
2026-06-15 23:24:44.225 [http-nio-8080-exec-5] INFO  c.a.l.s.Order.CartPreviewService - Cart preview requested with 2 items, currency: EUR
2026-06-15 23:24:44.268 [http-nio-8080-exec-5] INFO  c.a.l.cache.PriceCacheRepository - Price cached: price:product:1:grade:1:AZN
2026-06-15 23:24:44.270 [http-nio-8080-exec-5] INFO  c.a.l.cache.PriceCacheRepository - Price cache hit: price:product:1:grade:3:EUR
2026-06-15 23:24:44.271 [http-nio-8080-exec-5] WARN  c.a.l.s.Order.CartPreviewService - Price mismatch for product 1: seen=71, current=50.00
2026-06-15 23:27:55.122 [http-nio-8080-exec-2] INFO  c.a.l.c.order.CartController - POST /api/cart/preview - 2 items, currency: USD
2026-06-15 23:27:55.142 [http-nio-8080-exec-2] INFO  c.a.l.s.Order.CartPreviewService - Cart preview requested with 2 items, currency: USD
2026-06-15 23:27:55.289 [http-nio-8080-exec-2] INFO  c.a.l.cache.PriceCacheRepository - Price cached: price:product:1:grade:1:AZN
2026-06-15 23:27:55.292 [http-nio-8080-exec-2] INFO  c.a.l.cache.PriceCacheRepository - Price cache hit: price:product:1:grade:3:USD
2026-06-15 23:28:02.985 [http-nio-8080-exec-10] INFO  c.a.l.c.order.CartController - POST /api/cart/preview - 2 items, currency: EUR
2026-06-15 23:28:02.991 [http-nio-8080-exec-10] INFO  c.a.l.s.Order.CartPreviewService - Cart preview requested with 2 items, currency: EUR
2026-06-15 23:28:03.042 [http-nio-8080-exec-10] INFO  c.a.l.cache.PriceCacheRepository - Price cached: price:product:1:grade:1:AZN
2026-06-15 23:28:03.048 [http-nio-8080-exec-10] INFO  c.a.l.cache.PriceCacheRepository - Price cache hit: price:product:1:grade:3:EUR
2026-06-15 23:28:03.048 [http-nio-8080-exec-10] WARN  c.a.l.s.Order.CartPreviewService - Price mismatch for product 1: seen=71, current=50.00
2026-06-15 23:28:07.473 [http-nio-8080-exec-4] INFO  c.a.l.c.order.CartController - POST /api/cart/preview - 2 items, currency: USD
2026-06-15 23:28:07.660 [http-nio-8080-exec-4] INFO  c.a.l.s.Order.CartPreviewService - Cart preview requested with 2 items, currency: USD
2026-06-15 23:28:07.904 [http-nio-8080-exec-4] INFO  c.a.l.cache.PriceCacheRepository - Price cached: price:product:1:grade:1:AZN
2026-06-15 23:28:07.928 [http-nio-8080-exec-4] INFO  c.a.l.cache.PriceCacheRepository - Price cache hit: price:product:1:grade:3:USD
2026-06-15 23:28:09.920 [http-nio-8080-exec-7] INFO  c.a.l.c.order.CartController - POST /api/cart/preview - 2 items, currency: EUR
2026-06-15 23:28:09.928 [http-nio-8080-exec-7] INFO  c.a.l.s.Order.CartPreviewService - Cart preview requested with 2 items, currency: EUR
2026-06-15 23:28:09.984 [http-nio-8080-exec-7] INFO  c.a.l.cache.PriceCacheRepository - Price cached: price:product:1:grade:1:AZN
2026-06-15 23:28:09.987 [http-nio-8080-exec-7] INFO  c.a.l.cache.PriceCacheRepository - Price cache hit: price:product:1:grade:3:EUR
2026-06-15 23:28:09.988 [http-nio-8080-exec-7] WARN  c.a.l.s.Order.CartPreviewService - Price mismatch for product 1: seen=71, current=50.00
2026-06-15 23:36:33.992 [http-nio-8080-exec-8] INFO  c.a.l.c.order.CartController - POST /api/cart/preview - 2 items, currency: AZN
2026-06-15 23:36:34.026 [http-nio-8080-exec-8] INFO  c.a.l.s.Order.CartPreviewService - Cart preview requested with 2 items, currency: AZN
2026-06-15 23:36:34.294 [http-nio-8080-exec-8] INFO  c.a.l.cache.PriceCacheRepository - Price cache hit: price:product:1:grade:1:AZN
2026-06-15 23:36:34.300 [http-nio-8080-exec-8] INFO  c.a.l.cache.PriceCacheRepository - Price cache hit: price:product:1:grade:3:AZN
2026-06-15 23:36:34.302 [http-nio-8080-exec-8] WARN  c.a.l.s.Order.CartPreviewService - Price mismatch for product 1: seen=71, current=50.00
2026-06-15 23:36:36.141 [http-nio-8080-exec-3] INFO  c.a.l.c.order.CartController - POST /api/cart/preview - 2 items, currency: USD
2026-06-15 23:36:36.145 [http-nio-8080-exec-3] INFO  c.a.l.s.Order.CartPreviewService - Cart preview requested with 2 items, currency: USD
2026-06-15 23:36:36.248 [http-nio-8080-exec-3] INFO  c.a.l.cache.PriceCacheRepository - Price cached: price:product:1:grade:1:AZN
2026-06-15 23:36:36.251 [http-nio-8080-exec-3] INFO  c.a.l.cache.PriceCacheRepository - Price cache hit: price:product:1:grade:3:USD
2026-06-15 23:36:42.305 [http-nio-8080-exec-5] INFO  c.a.l.c.order.CartController - POST /api/cart/preview - 2 items, currency: EUR
2026-06-15 23:36:42.309 [http-nio-8080-exec-5] INFO  c.a.l.s.Order.CartPreviewService - Cart preview requested with 2 items, currency: EUR
2026-06-15 23:36:42.356 [http-nio-8080-exec-5] INFO  c.a.l.cache.PriceCacheRepository - Price cached: price:product:1:grade:1:AZN
2026-06-15 23:36:42.361 [http-nio-8080-exec-5] INFO  c.a.l.cache.PriceCacheRepository - Price cache hit: price:product:1:grade:3:EUR
2026-06-15 23:36:42.361 [http-nio-8080-exec-5] WARN  c.a.l.s.Order.CartPreviewService - Price mismatch for product 1: seen=71, current=50.00
2026-06-15 23:46:22.081 [lettuce-eventExecutorLoop-1-1] INFO  i.l.core.protocol.ConnectionWatchdog - Reconnecting, last destination was localhost/127.0.0.1:6379
2026-06-15 23:46:22.375 [lettuce-nioEventLoop-4-2] WARN  i.l.core.protocol.ConnectionWatchdog - Cannot reconnect to [localhost/<unresolved>:6379]: Connection refused: getsockopt: localhost/127.0.0.1:6379
2026-06-15 23:46:28.508 [lettuce-eventExecutorLoop-1-4] INFO  i.l.core.protocol.ConnectionWatchdog - Reconnecting, last destination was localhost/<unresolved>:6379
2026-06-15 23:46:28.511 [lettuce-nioEventLoop-4-1] WARN  i.l.core.protocol.ConnectionWatchdog - Cannot reconnect to [localhost/<unresolved>:6379]: Connection refused: getsockopt: localhost/127.0.0.1:6379
2026-06-15 23:46:35.789 [lettuce-eventExecutorLoop-1-4] INFO  i.l.core.protocol.ConnectionWatchdog - Reconnecting, last destination was localhost/<unresolved>:6379
2026-06-15 23:46:35.804 [lettuce-nioEventLoop-4-2] WARN  i.l.core.protocol.ConnectionWatchdog - Cannot reconnect to [localhost/<unresolved>:6379]: Connection refused: getsockopt: localhost/127.0.0.1:6379
